TN:
SF:src/core/accounting/BaseLedger.sol
DA:41,308
FN:41,BaseLedger.constructor
FNDA:308,BaseLedger.constructor
DA:42,308
BRDA:42,0,0,-
DA:43,308
DA:44,308
DA:45,308
DA:46,523
DA:52,166
FN:52,BaseLedger.onlyExecutor
FNDA:166,BaseLedger.onlyExecutor
DA:53,166
BRDA:53,1,0,2
DA:58,166
FN:58,BaseLedger.updateAccounting
FNDA:166,BaseLedger.updateAccounting
DA:66,166
DA:70,42
FN:70,BaseLedger.calculateCostBasisView
FNDA:42,BaseLedger.calculateCostBasisView
DA:75,42
DA:76,42
DA:78,42
BRDA:78,2,0,2
DA:80,40
DA:84,9
FN:84,BaseLedger.previewFees
FNDA:9,BaseLedger.previewFees
DA:91,9
DA:92,9
DA:107,130
FN:107,BaseLedger._takeSnapshot
FNDA:130,BaseLedger._takeSnapshot
DA:111,130
DA:112,130
DA:120,29
FN:120,BaseLedger._getOutflowProcessVolume
FNDA:29,BaseLedger._getOutflowProcessVolume
DA:126,29
DA:136,28
FN:136,BaseLedger._calculateCostBasis
FNDA:28,BaseLedger._calculateCostBasis
DA:140,28
DA:142,28
DA:143,28
DA:155,28
FN:155,BaseLedger._processOutflow
FNDA:28,BaseLedger._processOutflow
DA:162,28
DA:163,28
DA:174,38
FN:174,BaseLedger._calculateFees
FNDA:38,BaseLedger._calculateFees
DA:180,38
DA:181,38
BRDA:181,3,0,34
DA:182,34
BRDA:182,4,0,1
DA:183,33
DA:200,164
FN:200,BaseLedger._updateAccounting
FNDA:164,BaseLedger._updateAccounting
DA:208,164
DA:209,164
DA:211,164
BRDA:211,5,0,-
DA:212,164
BRDA:212,6,0,1
DA:215,163
DA:216,163
BRDA:216,7,0,-
DA:218,130
BRDA:218,8,0,130
BRDA:218,8,1,-
DA:219,130
DA:227,130
DA:228,130
DA:231,33
BRDA:231,9,0,32
BRDA:231,9,1,-
DA:232,32
DA:239,32
DA:241,32
DA:242,32
DA:244,1
DA:245,1
DA:254,166
FN:254,BaseLedger._isExecutorAllowed
FNDA:166,BaseLedger._isExecutorAllowed
DA:255,166
FNF:12
FNH:12
LF:55
LH:55
BRF:12
BRH:7
end_of_record
TN:
SF:src/core/accounting/ERC5115Ledger.sol
DA:30,3
FN:30,ERC5115Ledger._getOutflowProcessVolume
FNDA:3,ERC5115Ledger._getOutflowProcessVolume
DA:36,3
FNF:1
FNH:1
LF:2
LH:2
BRF:0
BRH:0
end_of_record
TN:
SF:src/core/accounting/FlatFeeLedger.sol
DA:29,2
FN:29,FlatFeeLedger._processOutflow
FNDA:2,FlatFeeLedger._processOutflow
DA:38,2
FNF:1
FNH:1
LF:2
LH:2
BRF:0
BRH:0
end_of_record
TN:
SF:src/core/accounting/SuperLedgerConfiguration.sol
DA:53,130
FN:53,SuperLedgerConfiguration.setYieldSourceOracles
FNDA:130,SuperLedgerConfiguration.setYieldSourceOracles
DA:54,130
DA:55,130
BRDA:55,0,0,1
DA:57,129
DA:58,339
DA:59,339
DA:70,12
FN:70,SuperLedgerConfiguration.proposeYieldSourceOracleConfig
FNDA:12,SuperLedgerConfiguration.proposeYieldSourceOracleConfig
DA:71,12
DA:72,12
BRDA:72,1,0,1
DA:74,11
DA:75,11
DA:77,11
DA:78,11
BRDA:78,2,0,1
DA:80,10
BRDA:80,3,0,1
DA:82,9
BRDA:82,4,0,1
DA:83,1
DA:86,8
BRDA:86,5,0,8
DA:88,8
BRDA:88,6,0,8
DA:89,8
DA:90,8
DA:91,8
BRDA:91,7,0,1
DA:95,7
DA:103,7
DA:110,7
DA:113,7
DA:125,5
FN:125,SuperLedgerConfiguration.acceptYieldSourceOracleConfigProposal
FNDA:5,SuperLedgerConfiguration.acceptYieldSourceOracleConfigProposal
DA:126,5
DA:127,5
BRDA:127,8,0,1
DA:129,4
DA:130,4
DA:131,4
DA:133,4
BRDA:133,9,0,1
DA:134,3
BRDA:134,10,0,1
DA:135,1
DA:138,2
DA:140,2
DA:141,2
DA:143,2
DA:158,324
FN:158,SuperLedgerConfiguration.getYieldSourceOracleConfig
FNDA:324,SuperLedgerConfiguration.getYieldSourceOracleConfig
DA:164,324
DA:168,1
FN:168,SuperLedgerConfiguration.getYieldSourceOracleConfigs
FNDA:1,SuperLedgerConfiguration.getYieldSourceOracleConfigs
DA:174,1
DA:176,1
DA:177,1
DA:178,2
DA:183,5
FN:183,SuperLedgerConfiguration.transferManagerRole
FNDA:5,SuperLedgerConfiguration.transferManagerRole
DA:184,5
DA:185,5
BRDA:185,11,0,1
DA:187,4
DA:189,4
DA:193,3
FN:193,SuperLedgerConfiguration.acceptManagerRole
FNDA:3,SuperLedgerConfiguration.acceptManagerRole
DA:194,3
BRDA:194,12,0,1
DA:195,2
DA:196,2
DA:198,2
DA:204,339
FN:204,SuperLedgerConfiguration._setInitialYieldSourceOracleConfig
FNDA:339,SuperLedgerConfiguration._setInitialYieldSourceOracleConfig
DA:211,339
DA:216,334
DA:217,334
BRDA:217,13,0,-
DA:219,334
DA:227,334
DA:232,346
FN:232,SuperLedgerConfiguration._validateYieldSourceOracleConfig
FNDA:346,SuperLedgerConfiguration._validateYieldSourceOracleConfig
DA:239,346
BRDA:239,14,0,1
DA:240,345
BRDA:240,15,0,1
DA:241,344
BRDA:241,16,0,1
DA:242,343
BRDA:242,17,0,1
DA:243,342
BRDA:243,18,0,1
FNF:9
FNH:9
LF:67
LH:67
BRF:19
BRH:18
end_of_record
TN:
SF:src/core/accounting/oracles/AbstractYieldSourceOracle.sol
DA:49,2
FN:49,AbstractYieldSourceOracle.getPricePerShareMultiple
FNDA:2,AbstractYieldSourceOracle.getPricePerShareMultiple
DA:54,2
DA:55,2
DA:58,2
DA:59,3
DA:71,2
FN:71,AbstractYieldSourceOracle.getTVLByOwnerOfSharesMultiple
FNDA:2,AbstractYieldSourceOracle.getTVLByOwnerOfSharesMultiple
DA:76,2
DA:77,2
BRDA:77,0,0,1
DA:79,1
DA:82,1
DA:83,2
DA:84,2
DA:85,2
DA:87,2
DA:90,2
DA:91,2
DA:92,2
DA:98,5
FN:98,AbstractYieldSourceOracle.getTVLMultiple
FNDA:5,AbstractYieldSourceOracle.getTVLMultiple
DA:99,5
DA:100,5
DA:103,5
DA:104,10
FNF:3
FNH:3
LF:22
LH:22
BRF:1
BRH:1
end_of_record
TN:
SF:src/core/accounting/oracles/ERC4626YieldSourceOracle.sol
DA:21,110
FN:21,ERC4626YieldSourceOracle.decimals
FNDA:110,ERC4626YieldSourceOracle.decimals
DA:22,110
DA:26,1
FN:26,ERC4626YieldSourceOracle.getShareOutput
FNDA:1,ERC4626YieldSourceOracle.getShareOutput
DA:32,1
DA:36,1
FN:36,ERC4626YieldSourceOracle.getAssetOutput
FNDA:1,ERC4626YieldSourceOracle.getAssetOutput
DA:42,1
DA:46,115
FN:46,ERC4626YieldSourceOracle.getPricePerShare
FNDA:115,ERC4626YieldSourceOracle.getPricePerShare
DA:47,115
DA:48,115
DA:49,115
DA:53,1
FN:53,ERC4626YieldSourceOracle.getBalanceOfOwner
FNDA:1,ERC4626YieldSourceOracle.getBalanceOfOwner
DA:59,1
DA:63,1
FN:63,ERC4626YieldSourceOracle.getTVLByOwnerOfShares
FNDA:1,ERC4626YieldSourceOracle.getTVLByOwnerOfShares
DA:69,1
DA:70,1
DA:71,1
DA:72,1
DA:76,3
FN:76,ERC4626YieldSourceOracle.getTVL
FNDA:3,ERC4626YieldSourceOracle.getTVL
DA:77,3
DA:81,3
FN:81,ERC4626YieldSourceOracle.isValidUnderlyingAsset
FNDA:3,ERC4626YieldSourceOracle.isValidUnderlyingAsset
DA:87,3
DA:91,1
FN:91,ERC4626YieldSourceOracle.isValidUnderlyingAssets
FNDA:1,ERC4626YieldSourceOracle.isValidUnderlyingAssets
DA:97,1
DA:98,1
BRDA:98,1,0,-
DA:100,1
DA:101,1
DA:102,2
FNF:9
FNH:9
LF:27
LH:27
BRF:1
BRH:0
end_of_record
TN:
SF:src/core/accounting/oracles/ERC5115YieldSourceOracle.sol
DA:20,29
FN:20,ERC5115YieldSourceOracle.decimals
FNDA:29,ERC5115YieldSourceOracle.decimals
DA:21,29
DA:25,1
FN:25,ERC5115YieldSourceOracle.getShareOutput
FNDA:1,ERC5115YieldSourceOracle.getShareOutput
DA:31,1
DA:35,1
FN:35,ERC5115YieldSourceOracle.getAssetOutput
FNDA:1,ERC5115YieldSourceOracle.getAssetOutput
DA:41,1
DA:45,34
FN:45,ERC5115YieldSourceOracle.getPricePerShare
FNDA:34,ERC5115YieldSourceOracle.getPricePerShare
DA:46,34
DA:50,1
FN:50,ERC5115YieldSourceOracle.getBalanceOfOwner
FNDA:1,ERC5115YieldSourceOracle.getBalanceOfOwner
DA:56,1
DA:60,1
FN:60,ERC5115YieldSourceOracle.getTVLByOwnerOfShares
FNDA:1,ERC5115YieldSourceOracle.getTVLByOwnerOfShares
DA:66,1
DA:67,1
DA:68,1
DA:69,1
DA:73,3
FN:73,ERC5115YieldSourceOracle.getTVL
FNDA:3,ERC5115YieldSourceOracle.getTVL
DA:74,3
DA:75,3
DA:76,3
DA:77,0
DA:81,3
FN:81,ERC5115YieldSourceOracle.isValidUnderlyingAsset
FNDA:3,ERC5115YieldSourceOracle.isValidUnderlyingAsset
DA:87,3
DA:88,3
DA:89,3
DA:90,3
DA:91,3
DA:92,3
DA:93,3
DA:94,3
BRDA:94,2,0,3
DA:95,3
DA:96,0
DA:100,3
DA:102,0
DA:103,3
DA:104,3
BRDA:104,4,0,3
DA:105,3
DA:106,0
DA:110,0
DA:114,1
FN:114,ERC5115YieldSourceOracle.isValidUnderlyingAssets
FNDA:1,ERC5115YieldSourceOracle.isValidUnderlyingAssets
DA:120,1
DA:121,1
BRDA:121,5,0,-
DA:123,1
DA:124,1
DA:125,2
FNF:9
FNH:9
LF:44
LH:39
BRF:3
BRH:2
end_of_record
TN:
SF:src/core/accounting/oracles/ERC7540YieldSourceOracle.sol
DA:22,8
FN:22,ERC7540YieldSourceOracle.decimals
FNDA:8,ERC7540YieldSourceOracle.decimals
DA:23,8
DA:24,8
DA:28,1
FN:28,ERC7540YieldSourceOracle.getShareOutput
FNDA:1,ERC7540YieldSourceOracle.getShareOutput
DA:34,1
DA:38,1
FN:38,ERC7540YieldSourceOracle.getAssetOutput
FNDA:1,ERC7540YieldSourceOracle.getAssetOutput
DA:44,1
DA:48,21
FN:48,ERC7540YieldSourceOracle.getPricePerShare
FNDA:21,ERC7540YieldSourceOracle.getPricePerShare
DA:49,21
DA:50,21
DA:51,21
DA:55,1
FN:55,ERC7540YieldSourceOracle.getBalanceOfOwner
FNDA:1,ERC7540YieldSourceOracle.getBalanceOfOwner
DA:61,1
DA:65,1
FN:65,ERC7540YieldSourceOracle.getTVLByOwnerOfShares
FNDA:1,ERC7540YieldSourceOracle.getTVLByOwnerOfShares
DA:71,1
DA:72,1
DA:73,0
DA:77,3
FN:77,ERC7540YieldSourceOracle.getTVL
FNDA:3,ERC7540YieldSourceOracle.getTVL
DA:78,3
DA:82,3
FN:82,ERC7540YieldSourceOracle.isValidUnderlyingAsset
FNDA:3,ERC7540YieldSourceOracle.isValidUnderlyingAsset
DA:88,3
DA:92,1
FN:92,ERC7540YieldSourceOracle.isValidUnderlyingAssets
FNDA:1,ERC7540YieldSourceOracle.isValidUnderlyingAssets
DA:98,1
DA:99,1
BRDA:99,1,0,-
DA:101,1
DA:102,1
DA:103,2
FNF:9
FNH:9
LF:27
LH:26
BRF:1
BRH:0
end_of_record
TN:
SF:src/core/accounting/oracles/PendlePTYieldSourceOracle.sol
DA:39,12
FN:39,PendlePTYieldSourceOracle.constructor
FNDA:12,PendlePTYieldSourceOracle.constructor
DA:40,12
DA:41,12
DA:45,1
FN:45,PendlePTYieldSourceOracle.decimals
FNDA:1,PendlePTYieldSourceOracle.decimals
DA:46,1
DA:47,1
DA:51,3
FN:51,PendlePTYieldSourceOracle.getShareOutput
FNDA:3,PendlePTYieldSourceOracle.getShareOutput
DA:57,3
DA:58,3
DA:62,3
DA:63,3
DA:64,3
BRDA:64,1,0,-
DA:67,3
BRDA:67,2,0,-
DA:69,3
DA:72,3
DA:73,3
BRDA:73,3,0,3
BRDA:73,3,1,-
DA:75,3
DA:79,0
DA:84,3
DA:88,6
FN:88,PendlePTYieldSourceOracle.getAssetOutput
FNDA:6,PendlePTYieldSourceOracle.getAssetOutput
DA:94,6
DA:97,6
DA:98,6
DA:99,6
DA:100,6
BRDA:100,4,0,-
DA:103,6
BRDA:103,5,0,-
DA:107,6
DA:110,6
BRDA:110,6,0,6
BRDA:110,6,1,-
DA:112,6
DA:116,0
DA:121,12
FN:121,PendlePTYieldSourceOracle.getPricePerShare
FNDA:12,PendlePTYieldSourceOracle.getPricePerShare
DA:123,12
DA:127,2
FN:127,PendlePTYieldSourceOracle.getTVLByOwnerOfShares
FNDA:2,PendlePTYieldSourceOracle.getTVLByOwnerOfShares
DA:128,2
DA:129,2
DA:131,2
DA:134,1
DA:138,3
FN:138,PendlePTYieldSourceOracle.getTVL
FNDA:3,PendlePTYieldSourceOracle.getTVL
DA:139,3
DA:140,3
DA:142,3
DA:145,2
DA:149,2
FN:149,PendlePTYieldSourceOracle.getBalanceOfOwner
FNDA:2,PendlePTYieldSourceOracle.getBalanceOfOwner
DA:155,2
DA:156,2
DA:160,3
FN:160,PendlePTYieldSourceOracle.isValidUnderlyingAsset
FNDA:3,PendlePTYieldSourceOracle.isValidUnderlyingAsset
DA:161,3
DA:162,3
DA:163,3
BRDA:163,9,0,1
DA:165,2
DA:169,1
FN:169,PendlePTYieldSourceOracle.isValidUnderlyingAssets
FNDA:1,PendlePTYieldSourceOracle.isValidUnderlyingAssets
DA:175,1
DA:176,1
BRDA:176,10,0,-
DA:178,1
DA:179,1
DA:180,1
DA:184,11
FN:184,PendlePTYieldSourceOracle._validateAssetFoundInSY
FNDA:11,PendlePTYieldSourceOracle._validateAssetFoundInSY
DA:185,11
DA:186,11
DA:187,11
DA:188,11
DA:189,11
DA:190,11
DA:191,11
BRDA:191,11,0,11
DA:192,11
DA:193,0
DA:197,11
DA:199,0
DA:200,11
DA:201,11
BRDA:201,13,0,11
DA:202,11
DA:203,0
DA:206,0
DA:209,12
FN:209,PendlePTYieldSourceOracle._getAssetInfo
FNDA:12,PendlePTYieldSourceOracle._getAssetInfo
DA:210,12
DA:212,12
DA:215,17
FN:215,PendlePTYieldSourceOracle._pt
FNDA:17,PendlePTYieldSourceOracle._pt
DA:216,17
DA:218,17
DA:221,12
FN:221,PendlePTYieldSourceOracle._sy
FNDA:12,PendlePTYieldSourceOracle._sy
DA:222,12
DA:224,12
FNF:14
FNH:14
LF:82
LH:76
BRF:12
BRH:5
end_of_record
TN:
SF:src/core/accounting/oracles/SpectraPTYieldSourceOracle.sol
DA:22,2
FN:22,SpectraPTYieldSourceOracle.decimals
FNDA:2,SpectraPTYieldSourceOracle.decimals
DA:23,2
DA:27,1
FN:27,SpectraPTYieldSourceOracle.getShareOutput
FNDA:1,SpectraPTYieldSourceOracle.getShareOutput
DA:29,1
DA:33,1
FN:33,SpectraPTYieldSourceOracle.getAssetOutput
FNDA:1,SpectraPTYieldSourceOracle.getAssetOutput
DA:39,1
DA:43,1
FN:43,SpectraPTYieldSourceOracle.getPricePerShare
FNDA:1,SpectraPTYieldSourceOracle.getPricePerShare
DA:44,1
DA:47,1
DA:51,1
FN:51,SpectraPTYieldSourceOracle.getBalanceOfOwner
FNDA:1,SpectraPTYieldSourceOracle.getBalanceOfOwner
DA:53,1
DA:57,2
FN:57,SpectraPTYieldSourceOracle.getTVLByOwnerOfShares
FNDA:2,SpectraPTYieldSourceOracle.getTVLByOwnerOfShares
DA:58,2
DA:59,2
DA:60,2
DA:62,1
DA:66,1
FN:66,SpectraPTYieldSourceOracle.getTVL
FNDA:1,SpectraPTYieldSourceOracle.getTVL
DA:68,1
DA:72,4
FN:72,SpectraPTYieldSourceOracle.isValidUnderlyingAsset
FNDA:4,SpectraPTYieldSourceOracle.isValidUnderlyingAsset
DA:78,4
DA:82,2
FN:82,SpectraPTYieldSourceOracle.isValidUnderlyingAssets
FNDA:2,SpectraPTYieldSourceOracle.isValidUnderlyingAssets
DA:88,2
DA:89,2
BRDA:89,1,0,1
DA:91,1
DA:92,1
DA:94,2
DA:98,3
FN:98,SpectraPTYieldSourceOracle._decimals
FNDA:3,SpectraPTYieldSourceOracle._decimals
DA:99,3
DA:102,3
FN:102,SpectraPTYieldSourceOracle._balanceOf
FNDA:3,SpectraPTYieldSourceOracle._balanceOf
DA:103,3
FNF:11
FNH:11
LF:30
LH:30
BRF:1
BRH:1
end_of_record
TN:
SF:src/core/accounting/oracles/StakingYieldSourceOracle.sol
DA:22,2
FN:22,StakingYieldSourceOracle.decimals
FNDA:2,StakingYieldSourceOracle.decimals
DA:23,2
DA:27,1
FN:27,StakingYieldSourceOracle.getPricePerShare
FNDA:1,StakingYieldSourceOracle.getPricePerShare
DA:28,1
DA:32,1
FN:32,StakingYieldSourceOracle.getShareOutput
FNDA:1,StakingYieldSourceOracle.getShareOutput
DA:33,1
DA:37,1
FN:37,StakingYieldSourceOracle.getAssetOutput
FNDA:1,StakingYieldSourceOracle.getAssetOutput
DA:38,1
DA:42,1
FN:42,StakingYieldSourceOracle.getBalanceOfOwner
FNDA:1,StakingYieldSourceOracle.getBalanceOfOwner
DA:48,1
DA:52,1
FN:52,StakingYieldSourceOracle.getTVLByOwnerOfShares
FNDA:1,StakingYieldSourceOracle.getTVLByOwnerOfShares
DA:58,1
DA:62,3
FN:62,StakingYieldSourceOracle.getTVL
FNDA:3,StakingYieldSourceOracle.getTVL
DA:63,3
DA:67,3
FN:67,StakingYieldSourceOracle.isValidUnderlyingAsset
FNDA:3,StakingYieldSourceOracle.isValidUnderlyingAsset
DA:73,3
DA:77,1
FN:77,StakingYieldSourceOracle.isValidUnderlyingAssets
FNDA:1,StakingYieldSourceOracle.isValidUnderlyingAssets
DA:83,1
DA:84,1
BRDA:84,0,0,-
DA:86,1
DA:87,1
DA:88,2
FNF:9
FNH:9
LF:22
LH:22
BRF:1
BRH:0
end_of_record
TN:
SF:src/core/adapters/AcrossV3Adapter.sol
DA:33,66
FN:33,AcrossV3Adapter.constructor
FNDA:66,AcrossV3Adapter.constructor
DA:34,66
BRDA:34,0,0,2
DA:35,2
DA:37,64
DA:38,64
DA:46,23
FN:46,AcrossV3Adapter.handleV3AcrossMessage
FNDA:23,AcrossV3Adapter.handleV3AcrossMessage
DA:53,23
BRDA:53,1,0,1
DA:54,1
DA:60,22
DA:67,22
DA:73,22
DA:76,20
FNF:2
FNH:2
LF:12
LH:12
BRF:2
BRH:2
end_of_record
TN:
SF:src/core/adapters/DebridgeAdapter.sol
DA:33,68
FN:33,DebridgeAdapter.constructor
FNDA:68,DebridgeAdapter.constructor
DA:34,68
BRDA:34,0,0,1
DA:35,1
DA:37,66
DA:38,66
DA:39,66
BRDA:39,1,0,1
DA:40,1
DA:42,65
DA:45,4
FN:45,DebridgeAdapter.onlyExternalCallAdapter
FNDA:4,DebridgeAdapter.onlyExternalCallAdapter
DA:46,4
BRDA:46,2,0,1
DA:54,3
FN:54,DebridgeAdapter.onEtherReceived
FNDA:3,DebridgeAdapter.onEtherReceived
DA:60,3
DA:67,3
DA:73,2
DA:74,2
BRDA:74,3,0,-
DA:77,2
DA:79,1
DA:83,5
FN:83,DebridgeAdapter.onERC20Received
FNDA:5,DebridgeAdapter.onERC20Received
DA:88,5
DA:95,5
DA:101,5
DA:104,5
DA:106,3
DA:112,5
FN:112,DebridgeAdapter._handleMessageReceived
FNDA:5,DebridgeAdapter._handleMessageReceived
DA:122,5
DA:133,8
FN:133,DebridgeAdapter._decodeMessage
FNDA:8,DebridgeAdapter._decodeMessage
DA:145,8
FNF:6
FNH:6
LF:27
LH:27
BRF:4
BRH:3
end_of_record
TN:
SF:src/core/executors/SuperDestinationExecutor.sol
DA:76,89
FN:76,SuperDestinationExecutor.constructor
FNDA:89,SuperDestinationExecutor.constructor
DA:80,89
BRDA:80,0,0,2
DA:81,2
DA:83,87
DA:84,87
DA:91,1
FN:91,SuperDestinationExecutor.name
FNDA:1,SuperDestinationExecutor.name
DA:93,1
DA:97,1
FN:97,SuperDestinationExecutor.version
FNDA:1,SuperDestinationExecutor.version
DA:98,1
DA:102,1
FN:102,SuperDestinationExecutor.isMerkleRootUsed
FNDA:1,SuperDestinationExecutor.isMerkleRootUsed
DA:103,1
DA:111,33
FN:111,SuperDestinationExecutor.processBridgedExecution
FNDA:33,SuperDestinationExecutor.processBridgedExecution
DA:120,33
DA:122,30
DA:128,29
DA:129,29
DA:132,29
DA:136,27
BRDA:136,1,0,-
DA:138,27
DA:140,1
BRDA:140,3,0,1
DA:141,21
DA:143,21
BRDA:143,4,0,4
DA:144,4
DA:145,4
DA:148,17
DA:149,17
DA:151,17
DA:158,17
BRDA:158,5,0,17
DA:159,13
DA:160,0
BRDA:160,5,1,-
DA:161,0
DA:162,3
BRDA:162,5,2,3
DA:163,3
DA:164,3
BRDA:164,5,3,3
DA:165,3
DA:169,33
FN:169,SuperDestinationExecutor._validateOrCreateAccount
FNDA:33,SuperDestinationExecutor._validateOrCreateAccount
DA:170,33
BRDA:170,6,0,28
DA:171,28
DA:172,27
BRDA:172,7,0,1
DA:175,31
BRDA:175,8,0,4
DA:176,4
DA:177,4
DA:178,4
BRDA:178,9,0,-
DA:181,31
BRDA:181,10,0,1
DA:183,0
DA:186,30
FN:186,SuperDestinationExecutor._decodeMerkleRoot
FNDA:30,SuperDestinationExecutor._decodeMerkleRoot
DA:187,30
DA:188,29
DA:191,27
FN:191,SuperDestinationExecutor._validateBalances
FNDA:27,SuperDestinationExecutor._validateBalances
DA:195,27
DA:196,27
DA:197,27
DA:198,27
DA:200,27
BRDA:200,11,0,-
BRDA:200,11,1,-
DA:201,0
BRDA:201,12,0,-
DA:202,0
DA:205,0
DA:208,27
DA:209,27
BRDA:209,13,0,5
DA:210,5
DA:211,5
DA:215,22
FNF:8
FNH:8
LF:62
LH:56
BRF:17
BRH:11
end_of_record
TN:
SF:src/core/executors/SuperExecutor.sol
DA:19,1
FN:19,SuperExecutor.name
FNDA:1,SuperExecutor.name
DA:20,1
DA:23,1
FN:23,SuperExecutor.version
FNDA:1,SuperExecutor.version
DA:24,1
FNF:2
FNH:2
LF:4
LH:4
BRF:0
BRH:0
end_of_record
TN:
SF:src/core/executors/SuperExecutorBase.sol
DA:54,237
FN:54,SuperExecutorBase.constructor
FNDA:237,SuperExecutorBase.constructor
DA:55,237
BRDA:55,0,0,-
DA:56,237
DA:63,24
FN:63,SuperExecutorBase.isInitialized
FNDA:24,SuperExecutorBase.isInitialized
DA:64,24
DA:77,1831
FN:77,SuperExecutorBase.isModuleType
FNDA:1831,SuperExecutorBase.isModuleType
DA:78,1831
DA:85,1830
FN:85,SuperExecutorBase.onInstall
FNDA:1830,SuperExecutorBase.onInstall
DA:86,2
BRDA:86,1,0,2
DA:87,1828
DA:91,4
FN:91,SuperExecutorBase.onUninstall
FNDA:4,SuperExecutorBase.onUninstall
DA:92,4
BRDA:92,2,0,2
DA:93,2
DA:97,214
FN:97,SuperExecutorBase.execute
FNDA:214,SuperExecutorBase.execute
DA:98,214
BRDA:98,3,0,2
DA:99,212
DA:111,212
FN:111,SuperExecutorBase._execute
FNDA:212,SuperExecutorBase._execute
DA:112,212
DA:115,212
BRDA:115,4,0,-
DA:116,212
BRDA:116,5,0,-
DA:119,212
DA:120,212
DA:121,212
DA:122,403
DA:123,403
BRDA:123,6,0,-
DA:125,403
DA:126,0
DA:138,401
FN:138,SuperExecutorBase._updateAccounting
FNDA:401,SuperExecutorBase._updateAccounting
DA:139,401
DA:140,401
BRDA:140,7,0,157
DA:142,157
DA:143,157
DA:146,157
DA:147,157
DA:148,157
BRDA:148,8,0,-
DA:151,157
DA:161,157
BRDA:161,9,0,13
DA:163,13
BRDA:163,10,0,-
DA:166,13
DA:167,13
BRDA:167,11,0,3
BRDA:167,11,1,-
DA:169,3
BRDA:169,12,0,1
DA:170,2
DA:173,10
BRDA:173,13,0,1
DA:174,9
DA:188,9
FN:188,SuperExecutorBase._performErc20FeeTransfer
FNDA:9,SuperExecutorBase._performErc20FeeTransfer
DA:193,9
DA:196,9
DA:199,9
DA:200,9
DA:201,9
DA:204,9
BRDA:204,14,0,1
DA:205,1
DA:215,2
FN:215,SuperExecutorBase._performNativeFeeTransfer
FNDA:2,SuperExecutorBase._performNativeFeeTransfer
DA:217,2
DA:220,2
DA:223,2
DA:224,2
BRDA:224,15,0,-
DA:239,403
FN:239,SuperExecutorBase._processHook
FNDA:403,SuperExecutorBase._processHook
DA:244,403
DA:247,402
DA:250,402
BRDA:250,16,0,393
DA:251,393
DA:255,401
DA:258,401
DA:261,401
DA:272,398
FN:272,SuperExecutorBase._checkAndLockForSuperPosition
FNDA:398,SuperExecutorBase._checkAndLockForSuperPosition
DA:274,398
DA:275,398
DA:278,398
BRDA:278,17,0,2
DA:279,2
DA:280,2
DA:283,2
DA:284,2
DA:289,2
DA:292,2
BRDA:292,18,0,1
DA:295,1
FNF:12
FNH:12
LF:76
LH:75
BRF:20
BRH:12
end_of_record
TN:
SF:src/core/hooks/BaseHook.sol
DA:83,4091
FN:83,BaseHook.constructor
FNDA:4091,BaseHook.constructor
DA:84,4091
DA:85,4091
DA:96,808
FN:96,BaseHook.getExecutionCaller
FNDA:808,BaseHook.getExecutionCaller
DA:97,808
DA:101,0
FN:101,BaseHook.build
FNDA:0,BaseHook.build
DA:104,444
FN:104,BaseHook.preExecute
FNDA:444,BaseHook.preExecute
DA:105,0
DA:106,411
DA:110,433
FN:110,BaseHook.postExecute
FNDA:433,BaseHook.postExecute
DA:111,0
DA:112,404
DA:119,2
FN:119,BaseHook.subtype
FNDA:2,BaseHook.subtype
DA:120,2
DA:131,877
FN:131,BaseHook._validateCaller
FNDA:877,BaseHook._validateCaller
DA:133,877
DA:136,877
BRDA:136,0,0,413
DA:137,413
DA:138,413
DA:142,464
BRDA:142,1,0,463
DA:143,463
DA:147,1
DA:176,723
FN:176,BaseHook._decodeBool
FNDA:723,BaseHook._decodeBool
DA:177,723
DA:188,10
FN:188,BaseHook._replaceCalldataAmount
FNDA:10,BaseHook._replaceCalldataAmount
DA:189,10
DA:190,10
DA:191,320
DA:193,0
FNF:9
FNH:8
LF:29
LH:25
BRF:2
BRH:2
end_of_record
TN:
SF:src/core/hooks/bridges/across/AcrossSendFundsAndExecuteOnDstHook.sol
DA:58,78
FN:58,AcrossSendFundsAndExecuteOnDstHook.constructor
FNDA:78,AcrossSendFundsAndExecuteOnDstHook.constructor
DA:59,78
BRDA:59,0,0,2
DA:60,76
DA:61,76
DA:67,28
FN:67,AcrossSendFundsAndExecuteOnDstHook.build
FNDA:28,AcrossSendFundsAndExecuteOnDstHook.build
DA:73,28
DA:74,28
DA:75,28
DA:76,28
DA:77,28
DA:78,28
DA:79,28
DA:80,28
DA:81,28
DA:82,28
DA:83,28
DA:84,28
DA:85,28
DA:87,21
BRDA:87,1,0,21
DA:88,21
DA:89,21
DA:91,21
DA:93,2
DA:94,2
BRDA:94,2,0,2
DA:95,2
DA:99,28
BRDA:99,3,0,4
DA:101,24
BRDA:101,4,0,2
DA:102,2
DA:107,22
DA:108,22
DA:114,22
DA:117,22
DA:122,22
DA:123,22
DA:150,2
FN:150,AcrossSendFundsAndExecuteOnDstHook.decodeUsePrevHookAmount
FNDA:2,AcrossSendFundsAndExecuteOnDstHook.decodeUsePrevHookAmount
DA:151,2
DA:155,1
FN:155,AcrossSendFundsAndExecuteOnDstHook.inspect
FNDA:1,AcrossSendFundsAndExecuteOnDstHook.inspect
DA:156,1
DA:167,0
FN:167,AcrossSendFundsAndExecuteOnDstHook._preExecute
FNDA:0,AcrossSendFundsAndExecuteOnDstHook._preExecute
DA:169,0
FN:169,AcrossSendFundsAndExecuteOnDstHook._postExecute
FNDA:0,AcrossSendFundsAndExecuteOnDstHook._postExecute
FNF:6
FNH:4
LF:40
LH:38
BRF:5
BRH:5
end_of_record
TN:
SF:src/core/hooks/bridges/debridge/DeBridgeSendOrderAndExecuteOnDstHook.sol
DA:80,78
FN:80,DeBridgeSendOrderAndExecuteOnDstHook.constructor
FNDA:78,DeBridgeSendOrderAndExecuteOnDstHook.constructor
DA:81,78
BRDA:81,0,0,2
DA:82,76
DA:83,76
DA:89,7
FN:89,DeBridgeSendOrderAndExecuteOnDstHook.build
FNDA:7,DeBridgeSendOrderAndExecuteOnDstHook.build
DA:95,7
DA:96,7
DA:97,7
DA:99,7
DA:100,2
BRDA:100,1,0,2
DA:101,2
DA:102,2
DA:103,2
DA:104,2
BRDA:104,2,0,1
DA:105,1
DA:106,1
DA:111,7
BRDA:111,3,0,1
DA:114,6
DA:115,6
DA:123,0
FN:123,DeBridgeSendOrderAndExecuteOnDstHook.decodeUsePrevHookAmount
FNDA:0,DeBridgeSendOrderAndExecuteOnDstHook.decodeUsePrevHookAmount
DA:124,0
DA:128,1
FN:128,DeBridgeSendOrderAndExecuteOnDstHook.inspect
FNDA:1,DeBridgeSendOrderAndExecuteOnDstHook.inspect
DA:129,1
DA:131,1
DA:178,8
FN:178,DeBridgeSendOrderAndExecuteOnDstHook._createOrder
FNDA:8,DeBridgeSendOrderAndExecuteOnDstHook._createOrder
DA:188,8
DA:189,8
DA:191,8
DA:192,8
DA:194,8
DA:195,8
DA:197,8
DA:198,8
DA:200,8
DA:201,8
DA:203,8
DA:204,8
DA:206,8
DA:207,8
DA:209,8
DA:210,8
DA:212,8
DA:213,8
DA:215,8
DA:216,8
DA:218,8
DA:219,8
DA:220,8
DA:221,8
DA:223,8
DA:224,8
DA:225,8
DA:226,8
DA:228,8
DA:229,8
DA:231,8
DA:232,8
DA:234,8
DA:235,8
DA:236,8
DA:237,8
DA:239,8
DA:240,8
DA:242,8
DA:243,8
DA:244,8
DA:245,8
DA:247,8
DA:248,8
DA:249,8
DA:250,8
DA:252,8
DA:253,8
DA:254,8
DA:255,8
DA:257,8
DA:258,8
DA:259,8
DA:260,8
DA:262,8
DA:263,8
DA:265,8
DA:291,8
FN:291,DeBridgeSendOrderAndExecuteOnDstHook._buildExternalCall
FNDA:8,DeBridgeSendOrderAndExecuteOnDstHook._buildExternalCall
DA:292,8
DA:298,8
DA:300,8
DA:309,8
DA:312,0
FN:312,DeBridgeSendOrderAndExecuteOnDstHook._preExecute
FNDA:0,DeBridgeSendOrderAndExecuteOnDstHook._preExecute
DA:314,0
FN:314,DeBridgeSendOrderAndExecuteOnDstHook._postExecute
FNDA:0,DeBridgeSendOrderAndExecuteOnDstHook._postExecute
FNF:8
FNH:5
LF:89
LH:85
BRF:4
BRH:4
end_of_record
TN:
SF:src/core/hooks/claim/BaseClaimRewardHook.sol
DA:18,3
FN:18,BaseClaimRewardHook._build
FNDA:3,BaseClaimRewardHook._build
DA:19,3
DA:20,3
DA:23,6
FN:23,BaseClaimRewardHook._getBalance
FNDA:6,BaseClaimRewardHook._getBalance
DA:24,6
DA:25,6
DA:27,6
BRDA:27,0,0,-
DA:29,6
FNF:2
FNH:2
LF:8
LH:8
BRF:1
BRH:0
end_of_record
TN:
SF:src/core/hooks/claim/fluid/FluidClaimRewardHook.sol
DA:38,2
FN:38,FluidClaimRewardHook.build
FNDA:2,FluidClaimRewardHook.build
DA:44,2
DA:45,2
BRDA:45,0,0,1
DA:47,1
DA:51,1
FN:51,FluidClaimRewardHook.decodeAmount
FNDA:1,FluidClaimRewardHook.decodeAmount
DA:52,1
DA:56,1
FN:56,FluidClaimRewardHook.decodeUsePrevHookAmount
FNDA:1,FluidClaimRewardHook.decodeUsePrevHookAmount
DA:57,1
DA:61,1
FN:61,FluidClaimRewardHook.replaceCalldataAmount
FNDA:1,FluidClaimRewardHook.replaceCalldataAmount
DA:62,1
DA:66,1
FN:66,FluidClaimRewardHook.inspect
FNDA:1,FluidClaimRewardHook.inspect
DA:67,1
DA:73,1
FN:73,FluidClaimRewardHook._preExecute
FNDA:1,FluidClaimRewardHook._preExecute
DA:74,1
DA:75,1
BRDA:75,1,0,-
DA:77,1
DA:80,1
FN:80,FluidClaimRewardHook._postExecute
FNDA:1,FluidClaimRewardHook._postExecute
DA:81,1
FNF:7
FNH:7
LF:18
LH:18
BRF:2
BRH:1
end_of_record
TN:
SF:src/core/hooks/claim/gearbox/GearboxClaimRewardHook.sol
DA:39,2
FN:39,GearboxClaimRewardHook.build
FNDA:2,GearboxClaimRewardHook.build
DA:45,2
DA:46,2
BRDA:46,0,0,1
DA:48,1
DA:52,1
FN:52,GearboxClaimRewardHook.decodeAmount
FNDA:1,GearboxClaimRewardHook.decodeAmount
DA:53,1
DA:57,1
FN:57,GearboxClaimRewardHook.decodeUsePrevHookAmount
FNDA:1,GearboxClaimRewardHook.decodeUsePrevHookAmount
DA:58,1
DA:62,1
FN:62,GearboxClaimRewardHook.replaceCalldataAmount
FNDA:1,GearboxClaimRewardHook.replaceCalldataAmount
DA:63,1
DA:67,1
FN:67,GearboxClaimRewardHook.inspect
FNDA:1,GearboxClaimRewardHook.inspect
DA:68,1
DA:74,1
FN:74,GearboxClaimRewardHook._preExecute
FNDA:1,GearboxClaimRewardHook._preExecute
DA:75,1
DA:76,1
BRDA:76,1,0,-
DA:78,1
DA:81,1
FN:81,GearboxClaimRewardHook._postExecute
FNDA:1,GearboxClaimRewardHook._postExecute
DA:82,1
FNF:7
FNH:7
LF:18
LH:18
BRF:2
BRH:1
end_of_record
TN:
SF:src/core/hooks/claim/yearn/YearnClaimOneRewardHook.sol
DA:40,2
FN:40,YearnClaimOneRewardHook.build
FNDA:2,YearnClaimOneRewardHook.build
DA:46,2
DA:47,2
DA:48,2
BRDA:48,0,0,1
DA:50,1
DA:54,1
FN:54,YearnClaimOneRewardHook.decodeAmount
FNDA:1,YearnClaimOneRewardHook.decodeAmount
DA:55,1
DA:59,1
FN:59,YearnClaimOneRewardHook.decodeUsePrevHookAmount
FNDA:1,YearnClaimOneRewardHook.decodeUsePrevHookAmount
DA:60,1
DA:64,1
FN:64,YearnClaimOneRewardHook.replaceCalldataAmount
FNDA:1,YearnClaimOneRewardHook.replaceCalldataAmount
DA:65,1
DA:69,1
FN:69,YearnClaimOneRewardHook.inspect
FNDA:1,YearnClaimOneRewardHook.inspect
DA:70,1
DA:79,1
FN:79,YearnClaimOneRewardHook._preExecute
FNDA:1,YearnClaimOneRewardHook._preExecute
DA:80,1
DA:81,1
BRDA:81,1,0,-
DA:83,1
DA:86,1
FN:86,YearnClaimOneRewardHook._postExecute
FNDA:1,YearnClaimOneRewardHook._postExecute
DA:87,1
FNF:7
FNH:7
LF:19
LH:19
BRF:2
BRH:1
end_of_record
TN:
SF:src/core/hooks/loan/BaseLoanHook.sol
DA:35,3
FN:35,BaseLoanHook.decodeUsePrevHookAmount
FNDA:3,BaseLoanHook.decodeUsePrevHookAmount
DA:36,3
DA:43,1
FN:43,BaseLoanHook.getLoanTokenAddress
FNDA:1,BaseLoanHook.getLoanTokenAddress
DA:44,1
DA:48,1
FN:48,BaseLoanHook.getCollateralTokenAddress
FNDA:1,BaseLoanHook.getCollateralTokenAddress
DA:49,1
DA:53,6
FN:53,BaseLoanHook.getCollateralTokenBalance
FNDA:6,BaseLoanHook.getCollateralTokenBalance
DA:54,6
DA:55,6
DA:59,1
FN:59,BaseLoanHook.getLoanTokenBalance
FNDA:1,BaseLoanHook.getLoanTokenBalance
DA:60,1
DA:61,1
DA:67,21
FN:67,BaseLoanHook._decodeAmount
FNDA:21,BaseLoanHook._decodeAmount
DA:68,21
FNF:6
FNH:6
LF:14
LH:14
BRF:0
BRH:0
end_of_record
TN:
SF:src/core/hooks/loan/morpho/BaseMorphoLoanHook.sol
DA:43,282
FN:43,BaseMorphoLoanHook.constructor
FNDA:282,BaseMorphoLoanHook.constructor
DA:44,282
DA:50,8
FN:50,BaseMorphoLoanHook.deriveFeeAmount
FNDA:8,BaseMorphoLoanHook.deriveFeeAmount
DA:51,8
DA:52,8
DA:53,8
DA:54,8
DA:55,8
DA:57,8
DA:66,14
FN:66,BaseMorphoLoanHook._decodeHookData
FNDA:14,BaseMorphoLoanHook._decodeHookData
DA:67,14
DA:68,14
DA:69,14
DA:70,14
DA:71,14
DA:72,14
DA:73,14
DA:74,14
DA:76,14
DA:95,13
FN:95,BaseMorphoLoanHook._generateMarketParams
FNDA:13,BaseMorphoLoanHook._generateMarketParams
DA:102,13
FNF:4
FNH:4
LF:21
LH:21
BRF:0
BRH:0
end_of_record
TN:
SF:src/core/hooks/loan/morpho/MorphoBorrowHook.sol
DA:62,94
FN:62,MorphoBorrowHook.constructor
FNDA:94,MorphoBorrowHook.constructor
DA:63,94
BRDA:63,0,0,1
DA:64,93
DA:65,93
DA:72,6
FN:72,MorphoBorrowHook.build
FNDA:6,MorphoBorrowHook.build
DA:78,6
DA:80,1
BRDA:80,1,0,1
DA:81,1
DA:84,6
BRDA:84,2,0,1
DA:85,5
BRDA:85,3,0,2
DA:87,3
DA:88,3
DA:90,3
DA:92,2
DA:93,2
DA:95,2
DA:100,2
DA:105,3
DA:113,0
FN:113,MorphoBorrowHook.getUsedAssets
FNDA:0,MorphoBorrowHook.getUsedAssets
DA:114,0
DA:118,1
FN:118,MorphoBorrowHook.inspect
FNDA:1,MorphoBorrowHook.inspect
DA:119,1
DA:121,1
DA:122,1
DA:124,1
DA:136,3
FN:136,MorphoBorrowHook.deriveLoanAmount
FNDA:3,MorphoBorrowHook.deriveLoanAmount
DA:141,3
DA:142,3
DA:144,2
BRDA:144,4,0,-
DA:146,2
DA:147,2
DA:153,7
FN:153,MorphoBorrowHook._decodeBorrowHookData
FNDA:7,MorphoBorrowHook._decodeBorrowHookData
DA:154,7
DA:155,7
DA:156,7
DA:157,7
DA:158,7
DA:159,7
DA:160,7
DA:161,7
DA:163,7
DA:175,1
FN:175,MorphoBorrowHook._preExecute
FNDA:1,MorphoBorrowHook._preExecute
DA:177,1
DA:180,1
FN:180,MorphoBorrowHook._postExecute
FNDA:1,MorphoBorrowHook._postExecute
DA:181,1
FNF:8
FNH:7
LF:45
LH:43
BRF:5
BRH:4
end_of_record
TN:
SF:src/core/hooks/loan/morpho/MorphoRepayAndWithdrawHook.sol
DA:58,94
FN:58,MorphoRepayAndWithdrawHook.constructor
FNDA:94,MorphoRepayAndWithdrawHook.constructor
DA:59,94
BRDA:59,0,0,1
DA:60,93
DA:61,93
DA:62,93
DA:63,93
DA:70,5
FN:70,MorphoRepayAndWithdrawHook.build
FNDA:5,MorphoRepayAndWithdrawHook.build
DA:76,5
DA:78,5
BRDA:78,1,0,1
DA:80,4
BRDA:80,2,0,2
DA:82,2
DA:83,2
DA:85,2
DA:87,2
DA:88,2
DA:90,2
DA:91,2
DA:93,2
DA:95,0
BRDA:95,3,0,-
BRDA:95,3,1,-
DA:96,0
DA:97,0
DA:98,0
DA:99,0
DA:101,0
DA:106,0
DA:112,0
DA:120,1
BRDA:120,4,0,1
DA:121,1
DA:123,2
DA:124,2
DA:126,2
DA:131,0
DA:137,0
DA:148,1
FN:148,MorphoRepayAndWithdrawHook.getUsedAssets
FNDA:1,MorphoRepayAndWithdrawHook.getUsedAssets
DA:149,1
DA:150,1
DA:151,1
DA:152,1
DA:153,0
BRDA:153,5,0,-
BRDA:153,5,1,1
DA:154,0
DA:156,1
DA:161,1
FN:161,MorphoRepayAndWithdrawHook.inspect
FNDA:1,MorphoRepayAndWithdrawHook.inspect
DA:162,1
DA:164,1
DA:165,1
DA:167,1
DA:175,1
FN:175,MorphoRepayAndWithdrawHook.deriveInterest
FNDA:1,MorphoRepayAndWithdrawHook.deriveInterest
DA:176,1
DA:177,1
DA:178,1
DA:179,1
BRDA:179,6,0,-
DA:181,1
DA:182,1
DA:185,2
FN:185,MorphoRepayAndWithdrawHook.deriveShareBalance
FNDA:2,MorphoRepayAndWithdrawHook.deriveShareBalance
DA:186,2
DA:189,3
FN:189,MorphoRepayAndWithdrawHook.deriveCollateralForFullRepayment
FNDA:3,MorphoRepayAndWithdrawHook.deriveCollateralForFullRepayment
DA:190,3
DA:191,3
DA:194,1
FN:194,MorphoRepayAndWithdrawHook.deriveCollateralAmountFromLoanAmount
FNDA:1,MorphoRepayAndWithdrawHook.deriveCollateralAmountFromLoanAmount
DA:199,1
DA:200,1
DA:202,1
DA:205,3
FN:205,MorphoRepayAndWithdrawHook.deriveCollateralForPartialRepayment
FNDA:3,MorphoRepayAndWithdrawHook.deriveCollateralForPartialRepayment
DA:210,3
DA:211,3
BRDA:211,7,0,-
DA:213,3
DA:216,3
FN:216,MorphoRepayAndWithdrawHook.deriveLoanAmount
FNDA:3,MorphoRepayAndWithdrawHook.deriveLoanAmount
DA:217,3
DA:218,3
DA:220,3
DA:221,3
DA:224,1
FN:224,MorphoRepayAndWithdrawHook.sharesToAssets
FNDA:1,MorphoRepayAndWithdrawHook.sharesToAssets
DA:225,1
DA:226,1
DA:227,1
DA:228,1
DA:231,1
FN:231,MorphoRepayAndWithdrawHook.assetsToShares
FNDA:1,MorphoRepayAndWithdrawHook.assetsToShares
DA:232,1
DA:233,1
DA:234,1
DA:240,1
FN:240,MorphoRepayAndWithdrawHook._preExecute
FNDA:1,MorphoRepayAndWithdrawHook._preExecute
DA:242,1
DA:245,1
FN:245,MorphoRepayAndWithdrawHook._postExecute
FNDA:1,MorphoRepayAndWithdrawHook._postExecute
DA:246,1
FNF:14
FNH:14
LF:84
LH:72
BRF:10
BRH:5
end_of_record
TN:
SF:src/core/hooks/loan/morpho/MorphoRepayHook.sol
DA:58,94
FN:58,MorphoRepayHook.constructor
FNDA:94,MorphoRepayHook.constructor
DA:59,94
BRDA:59,0,0,1
DA:60,93
DA:61,93
DA:62,93
DA:63,93
DA:70,5
FN:70,MorphoRepayHook.build
FNDA:5,MorphoRepayHook.build
DA:76,5
DA:78,5
BRDA:78,1,0,2
DA:80,3
DA:81,3
DA:83,3
DA:85,3
DA:86,3
DA:87,3
DA:89,0
BRDA:89,2,0,-
BRDA:89,2,1,-
DA:90,0
DA:91,0
DA:92,0
DA:94,0
DA:99,0
DA:106,1
BRDA:106,3,0,1
DA:107,1
DA:109,3
DA:111,2
DA:116,0
DA:123,0
DA:128,1
FN:128,MorphoRepayHook.getUsedAssets
FNDA:1,MorphoRepayHook.getUsedAssets
DA:129,1
DA:130,1
DA:131,1
DA:132,1
DA:133,1
DA:137,1
FN:137,MorphoRepayHook.inspect
FNDA:1,MorphoRepayHook.inspect
DA:138,1
DA:140,1
DA:141,1
DA:143,1
DA:151,3
FN:151,MorphoRepayHook.deriveInterest
FNDA:3,MorphoRepayHook.deriveInterest
DA:152,3
DA:153,3
DA:154,3
DA:155,3
BRDA:155,4,0,-
DA:156,3
DA:157,3
DA:160,2
FN:160,MorphoRepayHook.deriveShareBalance
FNDA:2,MorphoRepayHook.deriveShareBalance
DA:161,2
DA:164,2
FN:164,MorphoRepayHook.deriveCollateralAmountFromLoanAmount
FNDA:2,MorphoRepayHook.deriveCollateralAmountFromLoanAmount
DA:169,2
DA:170,2
DA:172,2
DA:175,1
FN:175,MorphoRepayHook.sharesToAssets
FNDA:1,MorphoRepayHook.sharesToAssets
DA:176,1
DA:177,1
DA:178,1
DA:179,1
DA:185,1
FN:185,MorphoRepayHook._preExecute
FNDA:1,MorphoRepayHook._preExecute
DA:187,1
DA:190,1
FN:190,MorphoRepayHook._postExecute
FNDA:1,MorphoRepayHook._postExecute
DA:191,1
DA:194,3
FN:194,MorphoRepayHook._verifyAmount
FNDA:3,MorphoRepayHook._verifyAmount
DA:195,3
BRDA:195,5,0,-
DA:196,2
DA:197,2
DA:198,2
DA:199,2
BRDA:199,6,0,-
FNF:11
FNH:11
LF:66
LH:58
BRF:8
BRH:3
end_of_record
TN:
SF:src/core/hooks/stake/fluid/ApproveAndFluidStakeHook.sol
DA:35,5
FN:35,ApproveAndFluidStakeHook.build
FNDA:5,ApproveAndFluidStakeHook.build
DA:41,5
DA:42,5
DA:43,5
DA:44,5
DA:46,5
BRDA:46,0,0,2
DA:48,1
BRDA:48,1,0,1
DA:49,1
DA:51,3
BRDA:51,2,0,-
DA:53,3
DA:54,3
DA:55,3
DA:57,3
DA:62,3
DA:70,2
FN:70,ApproveAndFluidStakeHook.decodeUsePrevHookAmount
FNDA:2,ApproveAndFluidStakeHook.decodeUsePrevHookAmount
DA:71,2
DA:75,1
FN:75,ApproveAndFluidStakeHook.inspect
FNDA:1,ApproveAndFluidStakeHook.inspect
DA:76,1
DA:85,1
FN:85,ApproveAndFluidStakeHook._preExecute
FNDA:1,ApproveAndFluidStakeHook._preExecute
DA:86,1
DA:90,1
FN:90,ApproveAndFluidStakeHook._postExecute
FNDA:1,ApproveAndFluidStakeHook._postExecute
DA:91,1
DA:97,5
FN:97,ApproveAndFluidStakeHook._decodeAmount
FNDA:5,ApproveAndFluidStakeHook._decodeAmount
DA:98,5
DA:101,2
FN:101,ApproveAndFluidStakeHook._getBalance
FNDA:2,ApproveAndFluidStakeHook._getBalance
DA:102,2
FNF:7
FNH:7
LF:26
LH:26
BRF:3
BRH:2
end_of_record
TN:
SF:src/core/hooks/stake/fluid/FluidStakeHook.sol
DA:33,4
FN:33,FluidStakeHook.build
FNDA:4,FluidStakeHook.build
DA:39,4
DA:40,4
DA:41,4
DA:43,4
BRDA:43,0,0,1
DA:45,1
BRDA:45,1,0,1
DA:46,1
DA:48,3
BRDA:48,2,0,-
DA:50,3
DA:51,3
DA:63,2
FN:63,FluidStakeHook.decodeUsePrevHookAmount
FNDA:2,FluidStakeHook.decodeUsePrevHookAmount
DA:64,2
DA:68,1
FN:68,FluidStakeHook.inspect
FNDA:1,FluidStakeHook.inspect
DA:69,1
DA:75,1
FN:75,FluidStakeHook._preExecute
FNDA:1,FluidStakeHook._preExecute
DA:76,1
DA:80,1
FN:80,FluidStakeHook._postExecute
FNDA:1,FluidStakeHook._postExecute
DA:81,1
DA:87,4
FN:87,FluidStakeHook._decodeAmount
FNDA:4,FluidStakeHook._decodeAmount
DA:88,4
DA:91,2
FN:91,FluidStakeHook._getBalance
FNDA:2,FluidStakeHook._getBalance
DA:92,2
FNF:7
FNH:7
LF:22
LH:22
BRF:3
BRH:2
end_of_record
TN:
SF:src/core/hooks/stake/fluid/FluidUnstakeHook.sol
DA:35,4
FN:35,FluidUnstakeHook.build
FNDA:4,FluidUnstakeHook.build
DA:41,4
DA:42,4
DA:43,4
DA:45,4
BRDA:45,0,0,1
DA:47,1
BRDA:47,1,0,1
DA:48,1
DA:50,3
BRDA:50,2,0,-
DA:52,3
DA:53,3
DA:65,2
FN:65,FluidUnstakeHook.decodeUsePrevHookAmount
FNDA:2,FluidUnstakeHook.decodeUsePrevHookAmount
DA:66,2
DA:70,1
FN:70,FluidUnstakeHook.inspect
FNDA:1,FluidUnstakeHook.inspect
DA:71,1
DA:77,1
FN:77,FluidUnstakeHook._preExecute
FNDA:1,FluidUnstakeHook._preExecute
DA:78,1
DA:79,1
DA:83,1
FN:83,FluidUnstakeHook._postExecute
FNDA:1,FluidUnstakeHook._postExecute
DA:84,1
DA:90,4
FN:90,FluidUnstakeHook._decodeAmount
FNDA:4,FluidUnstakeHook._decodeAmount
DA:91,4
DA:94,2
FN:94,FluidUnstakeHook._getBalance
FNDA:2,FluidUnstakeHook._getBalance
DA:95,2
FNF:7
FNH:7
LF:23
LH:23
BRF:3
BRH:2
end_of_record
TN:
SF:src/core/hooks/stake/gearbox/ApproveAndGearboxStakeHook.sol
DA:35,5
FN:35,ApproveAndGearboxStakeHook.build
FNDA:5,ApproveAndGearboxStakeHook.build
DA:41,5
DA:43,5
DA:44,5
DA:45,5
DA:47,5
BRDA:47,0,0,2
DA:49,1
BRDA:49,1,0,1
DA:50,1
DA:52,3
BRDA:52,2,0,-
DA:54,3
DA:55,3
DA:56,3
DA:58,3
DA:60,3
DA:68,2
FN:68,ApproveAndGearboxStakeHook.decodeUsePrevHookAmount
FNDA:2,ApproveAndGearboxStakeHook.decodeUsePrevHookAmount
DA:69,2
DA:73,1
FN:73,ApproveAndGearboxStakeHook.inspect
FNDA:1,ApproveAndGearboxStakeHook.inspect
DA:74,1
DA:80,1
FN:80,ApproveAndGearboxStakeHook._preExecute
FNDA:1,ApproveAndGearboxStakeHook._preExecute
DA:81,1
DA:84,1
FN:84,ApproveAndGearboxStakeHook._postExecute
FNDA:1,ApproveAndGearboxStakeHook._postExecute
DA:85,1
DA:91,5
FN:91,ApproveAndGearboxStakeHook._decodeAmount
FNDA:5,ApproveAndGearboxStakeHook._decodeAmount
DA:92,5
DA:95,2
FN:95,ApproveAndGearboxStakeHook._getBalance
FNDA:2,ApproveAndGearboxStakeHook._getBalance
DA:96,2
FNF:7
FNH:7
LF:26
LH:26
BRF:3
BRH:2
end_of_record
TN:
SF:src/core/hooks/stake/gearbox/GearboxStakeHook.sol
DA:33,4
FN:33,GearboxStakeHook.build
FNDA:4,GearboxStakeHook.build
DA:39,4
DA:40,4
DA:41,4
DA:43,4
BRDA:43,0,0,1
DA:45,1
BRDA:45,1,0,1
DA:46,1
DA:48,3
BRDA:48,2,0,-
DA:50,3
DA:51,3
DA:60,2
FN:60,GearboxStakeHook.decodeUsePrevHookAmount
FNDA:2,GearboxStakeHook.decodeUsePrevHookAmount
DA:61,2
DA:65,1
FN:65,GearboxStakeHook.inspect
FNDA:1,GearboxStakeHook.inspect
DA:66,1
DA:72,1
FN:72,GearboxStakeHook._preExecute
FNDA:1,GearboxStakeHook._preExecute
DA:73,1
DA:76,1
FN:76,GearboxStakeHook._postExecute
FNDA:1,GearboxStakeHook._postExecute
DA:77,1
DA:83,4
FN:83,GearboxStakeHook._decodeAmount
FNDA:4,GearboxStakeHook._decodeAmount
DA:84,4
DA:87,2
FN:87,GearboxStakeHook._getBalance
FNDA:2,GearboxStakeHook._getBalance
DA:88,2
FNF:7
FNH:7
LF:22
LH:22
BRF:3
BRH:2
end_of_record
TN:
SF:src/core/hooks/stake/gearbox/GearboxUnstakeHook.sol
DA:33,4
FN:33,GearboxUnstakeHook.build
FNDA:4,GearboxUnstakeHook.build
DA:39,4
DA:40,4
DA:41,4
DA:43,4
BRDA:43,0,0,1
DA:45,1
BRDA:45,1,0,1
DA:46,1
DA:48,3
BRDA:48,2,0,-
DA:50,3
DA:51,3
DA:60,2
FN:60,GearboxUnstakeHook.decodeUsePrevHookAmount
FNDA:2,GearboxUnstakeHook.decodeUsePrevHookAmount
DA:61,2
DA:65,1
FN:65,GearboxUnstakeHook.inspect
FNDA:1,GearboxUnstakeHook.inspect
DA:66,1
DA:72,1
FN:72,GearboxUnstakeHook._preExecute
FNDA:1,GearboxUnstakeHook._preExecute
DA:73,1
DA:75,1
DA:76,1
DA:79,1
FN:79,GearboxUnstakeHook._postExecute
FNDA:1,GearboxUnstakeHook._postExecute
DA:80,1
DA:86,4
FN:86,GearboxUnstakeHook._decodeAmount
FNDA:4,GearboxUnstakeHook._decodeAmount
DA:87,4
DA:90,2
FN:90,GearboxUnstakeHook._getBalance
FNDA:2,GearboxUnstakeHook._getBalance
DA:91,2
FNF:7
FNH:7
LF:24
LH:24
BRF:3
BRH:2
end_of_record
TN:
SF:src/core/hooks/swappers/1inch/Swap1InchHook.sol
DA:48,68
FN:48,Swap1InchHook.constructor
FNDA:68,Swap1InchHook.constructor
DA:49,68
BRDA:49,0,0,1
DA:50,1
DA:53,67
DA:59,28
FN:59,Swap1InchHook.build
FNDA:28,Swap1InchHook.build
DA:65,28
DA:66,28
DA:67,28
DA:68,28
DA:69,28
DA:71,28
DA:73,15
DA:74,28
DA:86,2
FN:86,Swap1InchHook.decodeUsePrevHookAmount
FNDA:2,Swap1InchHook.decodeUsePrevHookAmount
DA:87,2
DA:91,3
FN:91,Swap1InchHook.inspect
FNDA:3,Swap1InchHook.inspect
DA:92,3
DA:93,3
DA:95,3
DA:97,3
BRDA:97,1,0,1
BRDA:97,1,1,1
DA:98,1
DA:99,1
DA:100,1
DA:101,2
BRDA:101,2,0,1
BRDA:101,2,1,1
DA:102,1
DA:103,1
DA:104,1
DA:111,1
BRDA:111,3,0,1
DA:112,1
DA:115,1
DA:118,0
DA:124,5
FN:124,Swap1InchHook._preExecute
FNDA:5,Swap1InchHook._preExecute
DA:125,5
DA:128,4
FN:128,Swap1InchHook._postExecute
FNDA:4,Swap1InchHook._postExecute
DA:129,4
DA:135,28
FN:135,Swap1InchHook._validateTxData
FNDA:28,Swap1InchHook._validateTxData
DA:142,28
DA:144,28
BRDA:144,4,0,13
BRDA:144,4,1,1
DA:146,13
DA:147,15
BRDA:147,5,0,8
BRDA:147,5,1,1
DA:149,8
DA:150,7
BRDA:150,6,0,6
BRDA:150,6,1,1
DA:151,6
DA:153,1
DA:157,13
FN:157,Swap1InchHook._validateUnoswap
FNDA:13,Swap1InchHook._validateUnoswap
DA:164,13
DA:165,13
DA:167,13
DA:169,13
DA:170,13
BRDA:170,7,0,10
BRDA:170,7,1,-
DA:172,10
DA:173,10
DA:174,10
DA:176,10
BRDA:176,8,0,4
BRDA:176,8,1,-
DA:177,4
DA:178,6
BRDA:178,9,0,1
BRDA:178,9,1,-
DA:179,1
DA:180,5
BRDA:180,10,0,1
BRDA:180,10,1,-
DA:181,1
DA:182,4
BRDA:182,11,0,1
BRDA:182,11,1,-
DA:183,1
DA:184,3
BRDA:184,12,0,3
BRDA:184,12,1,-
DA:185,3
DA:187,0
DA:191,3
DA:192,3
DA:194,3
DA:195,3
BRDA:195,13,0,2
BRDA:195,13,1,-
DA:196,2
DA:197,1
BRDA:197,14,0,-
BRDA:197,14,1,-
DA:198,0
DA:200,0
DA:205,13
BRDA:205,15,0,1
DA:206,1
DA:209,1
BRDA:209,16,0,1
DA:210,1
DA:213,13
BRDA:213,17,0,1
DA:214,1
DA:217,12
BRDA:217,18,0,1
DA:218,1
DA:221,11
BRDA:221,19,0,1
DA:222,1
DA:225,10
DA:226,10
BRDA:226,20,0,1
DA:227,1
DA:230,1
BRDA:230,21,0,1
DA:231,1
DA:235,8
FN:235,Swap1InchHook._validateGenericSwap
FNDA:8,Swap1InchHook._validateGenericSwap
DA:242,8
DA:243,8
DA:245,8
BRDA:245,22,0,1
DA:246,1
DA:249,7
BRDA:249,23,0,1
DA:250,1
DA:253,6
BRDA:253,24,0,1
DA:254,1
DA:257,1
BRDA:257,25,0,1
DA:258,1
DA:261,5
BRDA:261,26,0,1
DA:262,1
DA:265,4
BRDA:265,27,0,1
DA:266,1
DA:269,1
BRDA:269,28,0,1
DA:270,1
DA:274,6
FN:274,Swap1InchHook._validateClipperSwap
FNDA:6,Swap1InchHook._validateClipperSwap
DA:281,6
DA:291,6
DA:295,6
BRDA:295,29,0,-
DA:296,0
DA:299,1
BRDA:299,30,0,1
DA:300,1
DA:303,6
BRDA:303,31,0,1
DA:304,1
DA:307,5
BRDA:307,32,0,1
DA:308,1
DA:311,4
BRDA:311,33,0,1
DA:312,1
DA:314,1
BRDA:314,34,0,1
DA:315,1
DA:321,9
FN:321,Swap1InchHook._getBalance
FNDA:9,Swap1InchHook._getBalance
DA:322,9
DA:323,9
DA:325,9
BRDA:325,35,0,-
DA:326,0
DA:328,9
FNF:11
FNH:11
LF:125
LH:119
BRF:49
BRH:38
end_of_record
TN:
SF:src/core/hooks/swappers/odos/ApproveAndSwapOdosHook.sol
DA:35,77
FN:35,ApproveAndSwapOdosHook.constructor
FNDA:77,ApproveAndSwapOdosHook.constructor
DA:36,77
BRDA:36,0,0,1
DA:37,76
DA:43,6
FN:43,ApproveAndSwapOdosHook.build
FNDA:6,ApproveAndSwapOdosHook.build
DA:49,6
DA:50,6
DA:51,6
DA:52,6
DA:54,6
DA:55,6
DA:57,6
DA:58,2
BRDA:58,1,0,2
DA:59,2
DA:62,6
DA:63,6
BRDA:63,2,0,6
DA:64,6
DA:67,6
DA:68,6
DA:70,6
DA:75,6
DA:82,6
DA:91,2
FN:91,ApproveAndSwapOdosHook.decodeUsePrevHookAmount
FNDA:2,ApproveAndSwapOdosHook.decodeUsePrevHookAmount
DA:92,2
DA:96,1
FN:96,ApproveAndSwapOdosHook.inspect
FNDA:1,ApproveAndSwapOdosHook.inspect
DA:97,1
DA:98,1
DA:100,1
DA:112,3
FN:112,ApproveAndSwapOdosHook._preExecute
FNDA:3,ApproveAndSwapOdosHook._preExecute
DA:113,3
DA:116,1
FN:116,ApproveAndSwapOdosHook._postExecute
FNDA:1,ApproveAndSwapOdosHook._postExecute
DA:117,1
DA:123,4
FN:123,ApproveAndSwapOdosHook._getBalance
FNDA:4,ApproveAndSwapOdosHook._getBalance
DA:124,4
DA:126,4
BRDA:126,3,0,-
DA:127,0
DA:130,4
DA:133,6
FN:133,ApproveAndSwapOdosHook._getSwapInfo
FNDA:6,ApproveAndSwapOdosHook._getSwapInfo
DA:138,6
DA:139,6
DA:140,6
DA:141,6
DA:142,6
DA:143,6
DA:144,6
DA:146,2
BRDA:146,4,0,2
DA:147,2
DA:149,6
FNF:8
FNH:8
LF:47
LH:46
BRF:5
BRH:4
end_of_record
TN:
SF:src/core/hooks/swappers/odos/SwapOdosHook.sol
DA:34,79
FN:34,SwapOdosHook.constructor
FNDA:79,SwapOdosHook.constructor
DA:35,79
BRDA:35,0,0,1
DA:36,78
DA:42,8
FN:42,SwapOdosHook.build
FNDA:8,SwapOdosHook.build
DA:48,8
DA:49,8
DA:50,8
DA:51,8
DA:52,8
DA:53,8
DA:55,8
DA:56,2
BRDA:56,1,0,2
DA:57,2
DA:60,8
DA:61,8
DA:75,4
FN:75,SwapOdosHook.decodeUsePrevHookAmount
FNDA:4,SwapOdosHook.decodeUsePrevHookAmount
DA:76,4
DA:80,1
FN:80,SwapOdosHook.inspect
FNDA:1,SwapOdosHook.inspect
DA:81,1
DA:82,1
DA:84,1
DA:95,3
FN:95,SwapOdosHook._preExecute
FNDA:3,SwapOdosHook._preExecute
DA:96,3
DA:99,3
FN:99,SwapOdosHook._postExecute
FNDA:3,SwapOdosHook._postExecute
DA:100,3
DA:106,6
FN:106,SwapOdosHook._getBalance
FNDA:6,SwapOdosHook._getBalance
DA:107,6
DA:109,6
BRDA:109,2,0,-
DA:110,0
DA:113,6
DA:116,8
FN:116,SwapOdosHook._getSwapInfo
FNDA:8,SwapOdosHook._getSwapInfo
DA:121,8
DA:122,8
DA:123,8
DA:124,8
DA:125,8
DA:126,8
DA:127,8
DA:129,2
BRDA:129,3,0,2
DA:130,2
DA:132,8
FNF:8
FNH:8
LF:41
LH:40
BRF:4
BRH:3
end_of_record
TN:
SF:src/core/hooks/swappers/pendle/PendleRouterRedeemHook.sol
DA:68,67
FN:68,PendleRouterRedeemHook.constructor
FNDA:67,PendleRouterRedeemHook.constructor
DA:69,67
BRDA:69,0,0,1
DA:70,66
DA:77,7
FN:77,PendleRouterRedeemHook.build
FNDA:7,PendleRouterRedeemHook.build
DA:83,7
DA:85,4
DA:87,3
DA:88,3
DA:93,3
DA:98,3
DA:111,4
FN:111,PendleRouterRedeemHook.decodeUsePrevHookAmount
FNDA:4,PendleRouterRedeemHook.decodeUsePrevHookAmount
DA:113,4
BRDA:113,1,0,-
DA:114,4
DA:118,1
FN:118,PendleRouterRedeemHook.inspect
FNDA:1,PendleRouterRedeemHook.inspect
DA:119,1
DA:120,1
DA:126,3
FN:126,PendleRouterRedeemHook._preExecute
FNDA:3,PendleRouterRedeemHook._preExecute
DA:127,3
DA:130,2
FN:130,PendleRouterRedeemHook._postExecute
FNDA:2,PendleRouterRedeemHook._postExecute
DA:131,2
DA:139,8
FN:139,PendleRouterRedeemHook._decodeAndValidateData
FNDA:8,PendleRouterRedeemHook._decodeAndValidateData
DA:141,8
BRDA:141,2,0,-
DA:144,8
DA:145,8
DA:146,8
DA:147,8
DA:148,8
DA:149,8
DA:152,8
BRDA:152,3,0,1
DA:153,7
BRDA:153,4,0,-
DA:154,6
BRDA:154,5,0,-
DA:157,5
DA:160,5
BRDA:160,6,0,-
DA:161,5
BRDA:161,7,0,-
DA:165,4
FN:165,PendleRouterRedeemHook._determineFinalAmount
FNDA:4,PendleRouterRedeemHook._determineFinalAmount
DA:170,1
BRDA:170,8,0,1
BRDA:170,8,1,1
DA:171,1
DA:172,1
BRDA:172,9,0,-
DA:174,3
BRDA:174,10,0,-
DA:175,0
DA:180,5
FN:180,PendleRouterRedeemHook._getBalance
FNDA:5,PendleRouterRedeemHook._getBalance
DA:182,5
DA:183,5
BRDA:183,11,0,-
DA:185,5
DA:187,5
BRDA:187,12,0,-
DA:188,0
DA:191,5
FNF:9
FNH:9
LF:47
LH:45
BRF:14
BRH:4
end_of_record
TN:
SF:src/core/hooks/swappers/pendle/PendleRouterSwapHook.sol
DA:61,75
FN:61,PendleRouterSwapHook.constructor
FNDA:75,PendleRouterSwapHook.constructor
DA:62,75
BRDA:62,0,0,1
DA:63,74
DA:70,15
FN:70,PendleRouterSwapHook.build
FNDA:15,PendleRouterSwapHook.build
DA:76,15
DA:77,15
DA:78,15
DA:79,15
DA:81,15
DA:83,5
DA:84,5
DA:95,1
FN:95,PendleRouterSwapHook.decodeUsePrevHookAmount
FNDA:1,PendleRouterSwapHook.decodeUsePrevHookAmount
DA:96,1
DA:100,2
FN:100,PendleRouterSwapHook.inspect
FNDA:2,PendleRouterSwapHook.inspect
DA:101,2
DA:102,2
DA:104,2
DA:105,2
BRDA:105,1,0,1
BRDA:105,1,1,1
DA:107,1
DA:108,1
DA:110,1
DA:121,1
DA:122,1
DA:123,0
DA:131,1
DA:132,1
DA:133,0
DA:141,1
BRDA:141,2,0,1
DA:143,1
DA:144,1
DA:146,1
DA:156,1
DA:157,1
DA:158,0
DA:166,1
DA:167,1
DA:168,0
DA:178,0
DA:184,3
FN:184,PendleRouterSwapHook._preExecute
FNDA:3,PendleRouterSwapHook._preExecute
DA:185,3
DA:188,2
FN:188,PendleRouterSwapHook._postExecute
FNDA:2,PendleRouterSwapHook._postExecute
DA:189,2
DA:195,15
FN:195,PendleRouterSwapHook._validateTxData
FNDA:15,PendleRouterSwapHook._validateTxData
DA:203,15
DA:204,15
BRDA:204,3,0,13
BRDA:204,3,1,-
DA:206,13
DA:213,13
DA:215,13
BRDA:215,4,0,1
DA:216,12
BRDA:216,5,0,1
DA:217,11
BRDA:217,6,0,1
DA:220,10
BRDA:220,7,0,1
DA:221,9
BRDA:221,8,0,1
DA:224,8
BRDA:224,9,0,1
DA:226,0
BRDA:226,10,0,-
DA:227,0
DA:229,7
BRDA:229,11,0,-
DA:232,7
BRDA:232,12,0,4
DA:233,4
DA:235,4
BRDA:235,13,0,-
DA:236,0
DA:239,7
DA:240,2
BRDA:240,14,0,-
BRDA:240,14,1,-
DA:242,1
DA:248,1
DA:250,1
BRDA:250,15,0,1
DA:251,1
BRDA:251,16,0,1
DA:253,0
BRDA:253,17,0,-
DA:254,0
DA:256,1
BRDA:256,18,0,-
DA:259,1
BRDA:259,19,0,1
DA:260,1
BRDA:260,20,0,1
DA:263,1
BRDA:263,21,0,-
DA:264,0
DA:266,1
BRDA:266,22,0,-
DA:267,0
DA:270,1
DA:272,1
DA:276,4
FN:276,PendleRouterSwapHook._validateFillOrders
FNDA:4,PendleRouterSwapHook._validateFillOrders
DA:277,4
DA:278,4
BRDA:278,23,0,1
DA:279,3
DA:283,3
FN:283,PendleRouterSwapHook._validateOrder
FNDA:3,PendleRouterSwapHook._validateOrder
DA:284,3
BRDA:284,24,0,1
DA:285,2
BRDA:285,25,0,1
DA:288,5
FN:288,PendleRouterSwapHook._decodeTokenOut
FNDA:5,PendleRouterSwapHook._decodeTokenOut
DA:289,5
DA:290,5
BRDA:290,26,0,5
BRDA:290,26,1,-
DA:295,5
DA:296,5
DA:297,0
BRDA:297,27,0,-
BRDA:297,27,1,-
DA:303,0
DA:305,0
DA:309,5
FN:309,PendleRouterSwapHook._decodeReceiver
FNDA:5,PendleRouterSwapHook._decodeReceiver
DA:311,5
DA:314,5
FN:314,PendleRouterSwapHook._getBalance
FNDA:5,PendleRouterSwapHook._getBalance
DA:315,5
DA:316,5
DA:318,5
BRDA:318,28,0,-
DA:319,0
DA:322,5
FNF:12
FNH:12
LF:100
LH:84
BRF:34
BRH:20
end_of_record
TN:
SF:src/core/hooks/swappers/spectra/SpectraExchangeHook.sol
DA:54,69
FN:54,SpectraExchangeHook.constructor
FNDA:69,SpectraExchangeHook.constructor
DA:55,69
BRDA:55,0,0,1
DA:56,68
DA:63,11
FN:63,SpectraExchangeHook.build
FNDA:11,SpectraExchangeHook.build
DA:69,11
DA:70,11
DA:71,11
DA:72,11
DA:74,11
DA:76,5
DA:77,5
DA:85,2
FN:85,SpectraExchangeHook.decodeUsePrevHookAmount
FNDA:2,SpectraExchangeHook.decodeUsePrevHookAmount
DA:86,2
DA:90,3
FN:90,SpectraExchangeHook.inspect
FNDA:3,SpectraExchangeHook.inspect
DA:91,3
DA:92,3
DA:93,3
DA:95,3
BRDA:95,1,0,3
BRDA:95,1,1,-
DA:96,3
DA:97,3
DA:98,3
DA:99,0
BRDA:99,2,0,-
DA:100,0
DA:101,0
DA:102,0
DA:105,3
DA:106,3
DA:108,3
DA:110,3
DA:111,3
DA:112,3
DA:113,3
BRDA:113,3,0,1
BRDA:113,3,1,1
DA:114,1
DA:117,1
DA:118,2
BRDA:118,4,0,1
BRDA:118,4,1,1
DA:119,1
DA:120,1
DA:121,1
BRDA:121,5,0,1
DA:122,1
DA:123,1
DA:127,0
DA:133,2
FN:133,SpectraExchangeHook._preExecute
FNDA:2,SpectraExchangeHook._preExecute
DA:134,2
DA:137,2
FN:137,SpectraExchangeHook._postExecute
FNDA:2,SpectraExchangeHook._postExecute
DA:138,2
DA:163,11
FN:163,SpectraExchangeHook._validateTxData
FNDA:11,SpectraExchangeHook._validateTxData
DA:168,11
DA:169,11
DA:172,11
BRDA:172,6,0,9
BRDA:172,6,1,1
DA:173,9
DA:174,9
DA:175,9
DA:176,2
BRDA:176,7,0,2
BRDA:176,7,1,1
DA:177,2
DA:178,2
BRDA:178,8,0,1
DA:179,1
DA:180,1
DA:182,0
DA:185,10
DA:186,8
DA:188,8
DA:189,9
DA:190,9
DA:191,9
BRDA:191,9,0,6
BRDA:191,9,1,-
DA:194,6
DA:197,6
BRDA:197,10,0,-
DA:198,6
BRDA:198,11,0,1
DA:199,5
BRDA:199,12,0,1
DA:201,0
BRDA:201,13,0,-
DA:202,0
DA:204,4
BRDA:204,14,0,-
DA:206,4
DA:207,3
BRDA:207,15,0,1
BRDA:207,15,1,-
DA:210,2
DA:211,2
BRDA:211,16,0,1
DA:212,1
BRDA:212,17,0,1
DA:214,0
BRDA:214,18,0,-
DA:215,0
DA:217,1
BRDA:217,19,0,-
DA:219,1
DA:220,1
BRDA:220,20,0,-
DA:223,1
DA:224,1
BRDA:224,21,0,-
DA:226,0
BRDA:226,22,0,-
DA:227,0
DA:229,1
BRDA:229,23,0,-
DA:230,1
DA:234,5
BRDA:234,24,0,4
BRDA:234,24,1,1
DA:235,4
DA:236,1
BRDA:236,25,0,1
DA:237,1
DA:242,17
FN:242,SpectraExchangeHook._validateCommands
FNDA:17,SpectraExchangeHook._validateCommands
DA:247,17
DA:248,17
BRDA:248,26,0,1
DA:249,1
DA:252,16
DA:253,16
DA:254,19
DA:256,19
DA:258,19
DA:259,5
DA:260,1
BRDA:260,27,0,1
DA:261,1
DA:263,18
DA:266,0
DA:269,4
FN:269,SpectraExchangeHook._decodeTokenOut
FNDA:4,SpectraExchangeHook._decodeTokenOut
DA:270,4
DA:271,4
DA:272,4
DA:273,4
BRDA:273,28,0,4
BRDA:273,28,1,-
DA:274,4
DA:275,0
BRDA:275,29,0,-
BRDA:275,29,1,-
DA:276,0
DA:278,0
DA:281,4
DA:282,4
DA:283,4
DA:284,4
DA:285,6
DA:286,6
DA:287,6
BRDA:287,30,0,4
BRDA:287,30,1,-
DA:288,4
DA:289,2
BRDA:289,31,0,-
DA:290,0
DA:299,4
FN:299,SpectraExchangeHook._getBalance
FNDA:4,SpectraExchangeHook._getBalance
DA:301,4
DA:303,4
BRDA:303,32,0,-
DA:304,0
DA:307,4
DA:310,0
FN:310,SpectraExchangeHook._decodeAmount
FNDA:0,SpectraExchangeHook._decodeAmount
DA:311,0
FNF:11
FNH:10
LF:131
LH:111
BRF:44
BRH:25
end_of_record
TN:
SF:src/core/hooks/tokens/erc20/ApproveERC20Hook.sol
DA:31,191
FN:31,ApproveERC20Hook.build
FNDA:191,ApproveERC20Hook.build
DA:37,191
DA:38,191
DA:39,191
DA:41,191
DA:43,12
BRDA:43,0,0,12
DA:44,12
DA:47,191
BRDA:47,1,0,1
DA:48,190
BRDA:48,2,0,2
DA:51,188
DA:52,188
DA:53,188
DA:62,2
FN:62,ApproveERC20Hook.decodeUsePrevHookAmount
FNDA:2,ApproveERC20Hook.decodeUsePrevHookAmount
DA:63,2
DA:67,1
FN:67,ApproveERC20Hook.inspect
FNDA:1,ApproveERC20Hook.inspect
DA:68,1
DA:77,187
FN:77,ApproveERC20Hook._preExecute
FNDA:187,ApproveERC20Hook._preExecute
DA:78,187
DA:81,188
FN:81,ApproveERC20Hook._postExecute
FNDA:188,ApproveERC20Hook._postExecute
DA:82,188
DA:83,188
DA:84,188
FNF:5
FNH:5
LF:22
LH:22
BRF:3
BRH:3
end_of_record
TN:
SF:src/core/hooks/tokens/erc20/TransferERC20Hook.sol
DA:30,7
FN:30,TransferERC20Hook.build
FNDA:7,TransferERC20Hook.build
DA:36,7
DA:37,7
DA:38,7
DA:39,7
DA:41,1
BRDA:41,0,0,1
DA:42,1
DA:45,7
BRDA:45,1,0,1
DA:46,6
BRDA:46,2,0,1
DA:49,5
DA:50,5
DA:58,2
FN:58,TransferERC20Hook.decodeUsePrevHookAmount
FNDA:2,TransferERC20Hook.decodeUsePrevHookAmount
DA:59,2
DA:63,1
FN:63,TransferERC20Hook.inspect
FNDA:1,TransferERC20Hook.inspect
DA:64,1
DA:73,4
FN:73,TransferERC20Hook._preExecute
FNDA:4,TransferERC20Hook._preExecute
DA:74,4
DA:77,4
FN:77,TransferERC20Hook._postExecute
FNDA:4,TransferERC20Hook._postExecute
DA:78,4
DA:84,8
FN:84,TransferERC20Hook._getBalance
FNDA:8,TransferERC20Hook._getBalance
DA:85,8
DA:86,8
DA:87,8
FNF:6
FNH:6
LF:23
LH:23
BRF:3
BRH:3
end_of_record
TN:
SF:src/core/hooks/tokens/permit2/BatchTransferFromHook.sol
DA:46,63
FN:46,BatchTransferFromHook.constructor
FNDA:63,BatchTransferFromHook.constructor
DA:47,63
BRDA:47,0,0,1
DA:48,62
DA:49,62
DA:55,9
FN:55,BatchTransferFromHook.build
FNDA:9,BatchTransferFromHook.build
DA:61,9
DA:62,9
BRDA:62,1,0,2
DA:64,8
DA:65,8
BRDA:65,2,0,2
DA:67,6
DA:70,6
DA:71,6
DA:73,6
DA:76,6
DA:80,6
DA:82,6
DA:83,14
DA:84,14
DA:86,14
BRDA:86,3,0,2
DA:87,12
BRDA:87,4,0,1
DA:89,11
DA:97,3
DA:101,3
DA:103,3
DA:106,3
DA:107,3
DA:110,3
DA:112,3
DA:114,0
DA:118,0
FN:118,BatchTransferFromHook.inspect
FNDA:0,BatchTransferFromHook.inspect
DA:119,0
DA:120,0
DA:121,0
DA:122,0
DA:123,0
DA:125,0
DA:126,0
DA:127,0
DA:129,0
DA:135,1
FN:135,BatchTransferFromHook._preExecute
FNDA:1,BatchTransferFromHook._preExecute
DA:136,1
DA:137,1
DA:139,1
DA:140,3
DA:141,3
DA:145,1
FN:145,BatchTransferFromHook._postExecute
FNDA:1,BatchTransferFromHook._postExecute
DA:146,1
DA:147,1
DA:148,1
DA:150,1
DA:151,3
DA:152,3
DA:154,1
DA:160,6
FN:160,BatchTransferFromHook._getBalance
FNDA:6,BatchTransferFromHook._getBalance
DA:161,6
DA:164,3
FN:164,BatchTransferFromHook._createAllowanceTransferDetails
FNDA:3,BatchTransferFromHook._createAllowanceTransferDetails
DA:171,3
DA:172,3
DA:173,9
DA:174,9
DA:176,9
DA:183,0
FNF:7
FNH:6
LF:62
LH:50
BRF:5
BRH:5
end_of_record
TN:
SF:src/core/hooks/vaults/4626/ApproveAndDeposit4626VaultHook.sol
DA:48,5
FN:48,ApproveAndDeposit4626VaultHook.build
FNDA:5,ApproveAndDeposit4626VaultHook.build
DA:54,5
DA:55,5
DA:56,5
DA:57,5
DA:59,1
BRDA:59,0,0,1
DA:60,1
DA:63,5
BRDA:63,1,0,1
DA:64,4
BRDA:64,2,0,2
DA:66,2
DA:67,2
DA:68,2
DA:70,2
DA:72,2
DA:80,1
FN:80,ApproveAndDeposit4626VaultHook.decodeAmount
FNDA:1,ApproveAndDeposit4626VaultHook.decodeAmount
DA:81,1
DA:85,1
FN:85,ApproveAndDeposit4626VaultHook.decodeUsePrevHookAmount
FNDA:1,ApproveAndDeposit4626VaultHook.decodeUsePrevHookAmount
DA:86,1
DA:90,1
FN:90,ApproveAndDeposit4626VaultHook.inspect
FNDA:1,ApproveAndDeposit4626VaultHook.inspect
DA:91,1
DA:100,1
FN:100,ApproveAndDeposit4626VaultHook._preExecute
FNDA:1,ApproveAndDeposit4626VaultHook._preExecute
DA:102,1
DA:103,1
DA:104,1
DA:105,1
DA:108,1
FN:108,ApproveAndDeposit4626VaultHook._postExecute
FNDA:1,ApproveAndDeposit4626VaultHook._postExecute
DA:109,1
DA:115,6
FN:115,ApproveAndDeposit4626VaultHook._decodeAmount
FNDA:6,ApproveAndDeposit4626VaultHook._decodeAmount
DA:116,6
DA:119,2
FN:119,ApproveAndDeposit4626VaultHook._getBalance
FNDA:2,ApproveAndDeposit4626VaultHook._getBalance
DA:120,2
FNF:8
FNH:8
LF:31
LH:31
BRF:3
BRH:3
end_of_record
TN:
SF:src/core/hooks/vaults/4626/ApproveAndRedeem4626VaultHook.sol
DA:50,5
FN:50,ApproveAndRedeem4626VaultHook.build
FNDA:5,ApproveAndRedeem4626VaultHook.build
DA:56,5
DA:57,5
DA:58,5
DA:59,5
DA:60,5
DA:62,1
BRDA:62,0,0,1
DA:63,1
DA:66,5
BRDA:66,1,0,1
DA:67,4
BRDA:67,2,0,2
DA:69,2
DA:70,2
DA:71,2
DA:73,2
DA:78,2
DA:86,1
FN:86,ApproveAndRedeem4626VaultHook.decodeAmount
FNDA:1,ApproveAndRedeem4626VaultHook.decodeAmount
DA:87,1
DA:91,1
FN:91,ApproveAndRedeem4626VaultHook.decodeUsePrevHookAmount
FNDA:1,ApproveAndRedeem4626VaultHook.decodeUsePrevHookAmount
DA:92,1
DA:96,1
FN:96,ApproveAndRedeem4626VaultHook.replaceCalldataAmount
FNDA:1,ApproveAndRedeem4626VaultHook.replaceCalldataAmount
DA:97,1
DA:101,1
FN:101,ApproveAndRedeem4626VaultHook.inspect
FNDA:1,ApproveAndRedeem4626VaultHook.inspect
DA:102,1
DA:112,1
FN:112,ApproveAndRedeem4626VaultHook._preExecute
FNDA:1,ApproveAndRedeem4626VaultHook._preExecute
DA:113,1
DA:114,1
DA:115,1
DA:116,1
DA:117,1
DA:120,1
FN:120,ApproveAndRedeem4626VaultHook._postExecute
FNDA:1,ApproveAndRedeem4626VaultHook._postExecute
DA:121,1
DA:122,1
DA:128,6
FN:128,ApproveAndRedeem4626VaultHook._decodeAmount
FNDA:6,ApproveAndRedeem4626VaultHook._decodeAmount
DA:129,6
DA:132,2
FN:132,ApproveAndRedeem4626VaultHook._getBalance
FNDA:2,ApproveAndRedeem4626VaultHook._getBalance
DA:133,2
DA:136,2
FN:136,ApproveAndRedeem4626VaultHook._getSharesBalance
FNDA:2,ApproveAndRedeem4626VaultHook._getSharesBalance
DA:137,2
DA:138,2
FNF:10
FNH:10
LF:39
LH:39
BRF:3
BRH:3
end_of_record
TN:
SF:src/core/hooks/vaults/4626/Deposit4626VaultHook.sol
DA:40,91
FN:40,Deposit4626VaultHook.build
FNDA:91,Deposit4626VaultHook.build
DA:46,91
DA:47,91
DA:48,91
DA:50,7
BRDA:50,0,0,7
DA:51,7
DA:54,91
BRDA:54,1,0,1
DA:55,90
BRDA:55,2,0,1
DA:57,89
DA:58,89
DA:67,1
FN:67,Deposit4626VaultHook.decodeAmount
FNDA:1,Deposit4626VaultHook.decodeAmount
DA:68,1
DA:72,1
FN:72,Deposit4626VaultHook.decodeUsePrevHookAmount
FNDA:1,Deposit4626VaultHook.decodeUsePrevHookAmount
DA:73,1
DA:77,1
FN:77,Deposit4626VaultHook.inspect
FNDA:1,Deposit4626VaultHook.inspect
DA:78,1
DA:84,88
FN:84,Deposit4626VaultHook._preExecute
FNDA:88,Deposit4626VaultHook._preExecute
DA:86,88
DA:87,88
DA:88,88
DA:89,88
DA:92,87
FN:92,Deposit4626VaultHook._postExecute
FNDA:87,Deposit4626VaultHook._postExecute
DA:93,87
DA:99,92
FN:99,Deposit4626VaultHook._decodeAmount
FNDA:92,Deposit4626VaultHook._decodeAmount
DA:100,92
DA:103,175
FN:103,Deposit4626VaultHook._getBalance
FNDA:175,Deposit4626VaultHook._getBalance
DA:104,175
FNF:8
FNH:8
LF:27
LH:27
BRF:3
BRH:3
end_of_record
TN:
SF:src/core/hooks/vaults/4626/Redeem4626VaultHook.sol
DA:48,24
FN:48,Redeem4626VaultHook.build
FNDA:24,Redeem4626VaultHook.build
DA:54,24
DA:55,24
DA:56,24
DA:57,24
DA:59,1
BRDA:59,0,0,1
DA:60,1
DA:63,24
BRDA:63,1,0,1
DA:64,23
BRDA:64,2,0,1
DA:66,22
DA:67,22
DA:79,1
FN:79,Redeem4626VaultHook.decodeAmount
FNDA:1,Redeem4626VaultHook.decodeAmount
DA:80,1
DA:84,1
FN:84,Redeem4626VaultHook.decodeUsePrevHookAmount
FNDA:1,Redeem4626VaultHook.decodeUsePrevHookAmount
DA:85,1
DA:89,1
FN:89,Redeem4626VaultHook.replaceCalldataAmount
FNDA:1,Redeem4626VaultHook.replaceCalldataAmount
DA:90,1
DA:94,1
FN:94,Redeem4626VaultHook.inspect
FNDA:1,Redeem4626VaultHook.inspect
DA:95,1
DA:104,21
FN:104,Redeem4626VaultHook._preExecute
FNDA:21,Redeem4626VaultHook._preExecute
DA:105,21
DA:106,21
DA:107,21
DA:108,21
DA:109,21
DA:112,21
FN:112,Redeem4626VaultHook._postExecute
FNDA:21,Redeem4626VaultHook._postExecute
DA:113,21
DA:114,21
DA:120,25
FN:120,Redeem4626VaultHook._decodeAmount
FNDA:25,Redeem4626VaultHook._decodeAmount
DA:121,25
DA:124,42
FN:124,Redeem4626VaultHook._getBalance
FNDA:42,Redeem4626VaultHook._getBalance
DA:125,42
DA:128,42
FN:128,Redeem4626VaultHook._getSharesBalance
FNDA:42,Redeem4626VaultHook._getSharesBalance
DA:129,42
DA:130,42
FNF:10
FNH:10
LF:35
LH:35
BRF:3
BRH:3
end_of_record
TN:
SF:src/core/hooks/vaults/5115/ApproveAndDeposit5115VaultHook.sol
DA:50,6
FN:50,ApproveAndDeposit5115VaultHook.build
FNDA:6,ApproveAndDeposit5115VaultHook.build
DA:56,6
DA:57,6
DA:58,6
DA:59,6
DA:60,6
DA:62,1
BRDA:62,0,0,1
DA:63,1
DA:66,6
BRDA:66,1,0,1
DA:67,5
BRDA:67,2,0,2
DA:69,3
DA:70,3
DA:72,3
DA:74,3
DA:79,3
DA:88,1
FN:88,ApproveAndDeposit5115VaultHook.decodeAmount
FNDA:1,ApproveAndDeposit5115VaultHook.decodeAmount
DA:89,1
DA:93,2
FN:93,ApproveAndDeposit5115VaultHook.decodeUsePrevHookAmount
FNDA:2,ApproveAndDeposit5115VaultHook.decodeUsePrevHookAmount
DA:94,2
DA:98,1
FN:98,ApproveAndDeposit5115VaultHook.inspect
FNDA:1,ApproveAndDeposit5115VaultHook.inspect
DA:99,1
DA:108,2
FN:108,ApproveAndDeposit5115VaultHook._preExecute
FNDA:2,ApproveAndDeposit5115VaultHook._preExecute
DA:109,2
DA:110,2
DA:111,2
DA:112,2
DA:113,2
DA:116,2
FN:116,ApproveAndDeposit5115VaultHook._postExecute
FNDA:2,ApproveAndDeposit5115VaultHook._postExecute
DA:117,2
DA:123,1
FN:123,ApproveAndDeposit5115VaultHook._decodeAmount
FNDA:1,ApproveAndDeposit5115VaultHook._decodeAmount
DA:124,1
DA:127,4
FN:127,ApproveAndDeposit5115VaultHook._getBalance
FNDA:4,ApproveAndDeposit5115VaultHook._getBalance
DA:128,4
FNF:8
FNH:8
LF:33
LH:33
BRF:3
BRH:3
end_of_record
TN:
SF:src/core/hooks/vaults/5115/ApproveAndRedeem5115VaultHook.sol
DA:52,5
FN:52,ApproveAndRedeem5115VaultHook.build
FNDA:5,ApproveAndRedeem5115VaultHook.build
DA:58,5
DA:59,5
DA:60,5
DA:61,5
DA:62,5
DA:63,5
DA:64,5
DA:66,1
BRDA:66,0,0,1
DA:67,1
DA:70,5
BRDA:70,1,0,1
DA:71,4
BRDA:71,2,0,2
DA:72,2
DA:75,2
DA:76,2
DA:78,2
DA:80,2
DA:87,2
DA:96,1
FN:96,ApproveAndRedeem5115VaultHook.decodeAmount
FNDA:1,ApproveAndRedeem5115VaultHook.decodeAmount
DA:97,1
DA:101,2
FN:101,ApproveAndRedeem5115VaultHook.decodeUsePrevHookAmount
FNDA:2,ApproveAndRedeem5115VaultHook.decodeUsePrevHookAmount
DA:102,2
DA:106,1
FN:106,ApproveAndRedeem5115VaultHook.replaceCalldataAmount
FNDA:1,ApproveAndRedeem5115VaultHook.replaceCalldataAmount
DA:107,1
DA:111,1
FN:111,ApproveAndRedeem5115VaultHook.inspect
FNDA:1,ApproveAndRedeem5115VaultHook.inspect
DA:112,1
DA:122,1
FN:122,ApproveAndRedeem5115VaultHook._preExecute
FNDA:1,ApproveAndRedeem5115VaultHook._preExecute
DA:123,1
DA:124,1
DA:125,1
DA:126,1
DA:129,1
FN:129,ApproveAndRedeem5115VaultHook._postExecute
FNDA:1,ApproveAndRedeem5115VaultHook._postExecute
DA:130,1
DA:131,1
DA:137,1
FN:137,ApproveAndRedeem5115VaultHook._decodeAmount
FNDA:1,ApproveAndRedeem5115VaultHook._decodeAmount
DA:138,1
DA:141,2
FN:141,ApproveAndRedeem5115VaultHook._getBalance
FNDA:2,ApproveAndRedeem5115VaultHook._getBalance
DA:142,2
DA:145,2
FN:145,ApproveAndRedeem5115VaultHook._getSharesBalance
FNDA:2,ApproveAndRedeem5115VaultHook._getSharesBalance
DA:146,2
DA:147,2
FNF:10
FNH:10
LF:41
LH:41
BRF:3
BRH:3
end_of_record
TN:
SF:src/core/hooks/vaults/5115/Deposit5115VaultHook.sol
DA:43,31
FN:43,Deposit5115VaultHook.build
FNDA:31,Deposit5115VaultHook.build
DA:49,31
DA:50,31
DA:51,31
DA:52,31
DA:53,31
DA:55,2
BRDA:55,0,0,2
DA:56,2
DA:59,31
BRDA:59,1,0,1
DA:60,30
BRDA:60,2,0,2
DA:62,28
DA:63,28
DA:75,1
FN:75,Deposit5115VaultHook.decodeAmount
FNDA:1,Deposit5115VaultHook.decodeAmount
DA:76,1
DA:80,2
FN:80,Deposit5115VaultHook.decodeUsePrevHookAmount
FNDA:2,Deposit5115VaultHook.decodeUsePrevHookAmount
DA:81,2
DA:85,1
FN:85,Deposit5115VaultHook.inspect
FNDA:1,Deposit5115VaultHook.inspect
DA:86,1
DA:95,27
FN:95,Deposit5115VaultHook._preExecute
FNDA:27,Deposit5115VaultHook._preExecute
DA:96,27
DA:97,27
DA:98,27
DA:99,27
DA:100,27
DA:103,27
FN:103,Deposit5115VaultHook._postExecute
FNDA:27,Deposit5115VaultHook._postExecute
DA:104,27
DA:110,1
FN:110,Deposit5115VaultHook._decodeAmount
FNDA:1,Deposit5115VaultHook._decodeAmount
DA:111,1
DA:114,54
FN:114,Deposit5115VaultHook._getBalance
FNDA:54,Deposit5115VaultHook._getBalance
DA:115,54
FNF:8
FNH:8
LF:30
LH:30
BRF:3
BRH:3
end_of_record
TN:
SF:src/core/hooks/vaults/5115/Redeem5115VaultHook.sol
DA:50,8
FN:50,Redeem5115VaultHook.build
FNDA:8,Redeem5115VaultHook.build
DA:56,8
DA:57,8
DA:58,8
DA:59,8
DA:60,8
DA:61,8
DA:63,1
BRDA:63,0,0,1
DA:64,1
DA:67,8
BRDA:67,1,0,1
DA:68,7
BRDA:68,2,0,2
DA:70,5
DA:71,5
DA:85,2
FN:85,Redeem5115VaultHook.decodeAmount
FNDA:2,Redeem5115VaultHook.decodeAmount
DA:86,2
DA:90,2
FN:90,Redeem5115VaultHook.decodeUsePrevHookAmount
FNDA:2,Redeem5115VaultHook.decodeUsePrevHookAmount
DA:91,2
DA:95,1
FN:95,Redeem5115VaultHook.replaceCalldataAmount
FNDA:1,Redeem5115VaultHook.replaceCalldataAmount
DA:96,1
DA:100,1
FN:100,Redeem5115VaultHook.inspect
FNDA:1,Redeem5115VaultHook.inspect
DA:101,1
DA:110,4
FN:110,Redeem5115VaultHook._preExecute
FNDA:4,Redeem5115VaultHook._preExecute
DA:111,4
DA:112,4
DA:113,4
DA:114,4
DA:117,4
FN:117,Redeem5115VaultHook._postExecute
FNDA:4,Redeem5115VaultHook._postExecute
DA:118,4
DA:119,4
DA:125,10
FN:125,Redeem5115VaultHook._decodeAmount
FNDA:10,Redeem5115VaultHook._decodeAmount
DA:126,10
DA:129,8
FN:129,Redeem5115VaultHook._getBalance
FNDA:8,Redeem5115VaultHook._getBalance
DA:130,8
DA:133,8
FN:133,Redeem5115VaultHook._getSharesBalance
FNDA:8,Redeem5115VaultHook._getSharesBalance
DA:134,8
DA:135,8
FNF:10
FNH:10
LF:36
LH:36
BRF:3
BRH:3
end_of_record
TN:
SF:src/core/hooks/vaults/7540/ApproveAndRedeem7540VaultHook.sol
DA:48,4
FN:48,ApproveAndRedeem7540VaultHook.build
FNDA:4,ApproveAndRedeem7540VaultHook.build
DA:54,4
DA:55,4
DA:56,4
DA:57,4
DA:59,2
BRDA:59,0,0,2
DA:60,2
DA:63,4
BRDA:63,1,0,1
DA:64,3
BRDA:64,2,0,1
DA:66,2
DA:67,2
DA:68,2
DA:70,2
DA:75,2
DA:83,2
FN:83,ApproveAndRedeem7540VaultHook.decodeAmount
FNDA:2,ApproveAndRedeem7540VaultHook.decodeAmount
DA:84,2
DA:88,1
FN:88,ApproveAndRedeem7540VaultHook.decodeUsePrevHookAmount
FNDA:1,ApproveAndRedeem7540VaultHook.decodeUsePrevHookAmount
DA:89,1
DA:93,1
FN:93,ApproveAndRedeem7540VaultHook.replaceCalldataAmount
FNDA:1,ApproveAndRedeem7540VaultHook.replaceCalldataAmount
DA:94,1
DA:98,1
FN:98,ApproveAndRedeem7540VaultHook.inspect
FNDA:1,ApproveAndRedeem7540VaultHook.inspect
DA:99,1
DA:108,1
FN:108,ApproveAndRedeem7540VaultHook._preExecute
FNDA:1,ApproveAndRedeem7540VaultHook._preExecute
DA:109,1
DA:110,1
DA:111,1
DA:112,1
DA:113,1
DA:116,1
FN:116,ApproveAndRedeem7540VaultHook._postExecute
FNDA:1,ApproveAndRedeem7540VaultHook._postExecute
DA:117,1
DA:118,1
DA:124,6
FN:124,ApproveAndRedeem7540VaultHook._decodeAmount
FNDA:6,ApproveAndRedeem7540VaultHook._decodeAmount
DA:125,6
DA:128,2
FN:128,ApproveAndRedeem7540VaultHook._getBalance
FNDA:2,ApproveAndRedeem7540VaultHook._getBalance
DA:129,2
DA:132,2
FN:132,ApproveAndRedeem7540VaultHook._getSharesBalance
FNDA:2,ApproveAndRedeem7540VaultHook._getSharesBalance
DA:133,2
DA:134,2
FNF:10
FNH:10
LF:38
LH:38
BRF:3
BRH:3
end_of_record
TN:
SF:src/core/hooks/vaults/7540/ApproveAndRequestDeposit7540VaultHook.sol
DA:50,4
FN:50,ApproveAndRequestDeposit7540VaultHook.build
FNDA:4,ApproveAndRequestDeposit7540VaultHook.build
DA:56,4
DA:57,4
DA:58,4
DA:59,4
DA:61,2
BRDA:61,0,0,2
DA:62,2
DA:65,4
BRDA:65,1,0,1
DA:66,3
BRDA:66,2,0,1
DA:68,2
DA:69,2
DA:70,2
DA:72,2
DA:77,2
DA:81,1
FN:81,ApproveAndRequestDeposit7540VaultHook.getUsedAssetsOrShares
FNDA:1,ApproveAndRequestDeposit7540VaultHook.getUsedAssetsOrShares
DA:82,1
DA:86,0
FN:86,ApproveAndRequestDeposit7540VaultHook.isAsyncCancelHook
FNDA:0,ApproveAndRequestDeposit7540VaultHook.isAsyncCancelHook
DA:87,0
DA:95,1
FN:95,ApproveAndRequestDeposit7540VaultHook.decodeAmount
FNDA:1,ApproveAndRequestDeposit7540VaultHook.decodeAmount
DA:96,1
DA:100,1
FN:100,ApproveAndRequestDeposit7540VaultHook.decodeUsePrevHookAmount
FNDA:1,ApproveAndRequestDeposit7540VaultHook.decodeUsePrevHookAmount
DA:101,1
DA:105,1
FN:105,ApproveAndRequestDeposit7540VaultHook.inspect
FNDA:1,ApproveAndRequestDeposit7540VaultHook.inspect
DA:106,1
DA:115,1
FN:115,ApproveAndRequestDeposit7540VaultHook._preExecute
FNDA:1,ApproveAndRequestDeposit7540VaultHook._preExecute
DA:116,1
DA:119,1
FN:119,ApproveAndRequestDeposit7540VaultHook._postExecute
FNDA:1,ApproveAndRequestDeposit7540VaultHook._postExecute
DA:120,1
DA:126,5
FN:126,ApproveAndRequestDeposit7540VaultHook._decodeAmount
FNDA:5,ApproveAndRequestDeposit7540VaultHook._decodeAmount
DA:127,5
DA:130,2
FN:130,ApproveAndRequestDeposit7540VaultHook._getBalance
FNDA:2,ApproveAndRequestDeposit7540VaultHook._getBalance
DA:131,2
FNF:10
FNH:9
LF:32
LH:30
BRF:3
BRH:3
end_of_record
TN:
SF:src/core/hooks/vaults/7540/ApproveAndWithdraw7540VaultHook.sol
DA:47,3
FN:47,ApproveAndWithdraw7540VaultHook.build
FNDA:3,ApproveAndWithdraw7540VaultHook.build
DA:53,3
DA:54,3
DA:55,3
DA:56,3
DA:58,1
BRDA:58,0,0,1
DA:59,1
DA:62,3
BRDA:62,1,0,1
DA:63,2
BRDA:63,2,0,-
DA:65,2
DA:66,2
DA:67,2
DA:69,2
DA:74,2
DA:82,2
FN:82,ApproveAndWithdraw7540VaultHook.decodeAmount
FNDA:2,ApproveAndWithdraw7540VaultHook.decodeAmount
DA:83,2
DA:87,1
FN:87,ApproveAndWithdraw7540VaultHook.decodeUsePrevHookAmount
FNDA:1,ApproveAndWithdraw7540VaultHook.decodeUsePrevHookAmount
DA:88,1
DA:92,1
FN:92,ApproveAndWithdraw7540VaultHook.replaceCalldataAmount
FNDA:1,ApproveAndWithdraw7540VaultHook.replaceCalldataAmount
DA:93,1
DA:97,1
FN:97,ApproveAndWithdraw7540VaultHook.inspect
FNDA:1,ApproveAndWithdraw7540VaultHook.inspect
DA:98,1
DA:107,1
FN:107,ApproveAndWithdraw7540VaultHook._preExecute
FNDA:1,ApproveAndWithdraw7540VaultHook._preExecute
DA:108,1
DA:109,1
DA:110,1
DA:111,1
DA:112,1
DA:115,1
FN:115,ApproveAndWithdraw7540VaultHook._postExecute
FNDA:1,ApproveAndWithdraw7540VaultHook._postExecute
DA:116,1
DA:117,1
DA:123,5
FN:123,ApproveAndWithdraw7540VaultHook._decodeAmount
FNDA:5,ApproveAndWithdraw7540VaultHook._decodeAmount
DA:124,5
DA:127,2
FN:127,ApproveAndWithdraw7540VaultHook._getBalance
FNDA:2,ApproveAndWithdraw7540VaultHook._getBalance
DA:128,2
DA:131,2
FN:131,ApproveAndWithdraw7540VaultHook._getSharesBalance
FNDA:2,ApproveAndWithdraw7540VaultHook._getSharesBalance
DA:132,2
DA:133,2
FNF:10
FNH:10
LF:38
LH:38
BRF:3
BRH:2
end_of_record
TN:
SF:src/core/hooks/vaults/7540/CancelDepositRequest7540Hook.sol
DA:27,2
FN:27,CancelDepositRequest7540Hook.build
FNDA:2,CancelDepositRequest7540Hook.build
DA:33,2
DA:35,2
BRDA:35,0,0,1
DA:37,1
DA:38,1
DA:46,1
FN:46,CancelDepositRequest7540Hook.inspect
FNDA:1,CancelDepositRequest7540Hook.inspect
DA:47,1
DA:53,0
FN:53,CancelDepositRequest7540Hook._preExecute
FNDA:0,CancelDepositRequest7540Hook._preExecute
DA:55,0
FN:55,CancelDepositRequest7540Hook._postExecute
FNDA:0,CancelDepositRequest7540Hook._postExecute
FNF:4
FNH:2
LF:9
LH:7
BRF:1
BRH:1
end_of_record
TN:
SF:src/core/hooks/vaults/7540/CancelRedeemRequest7540Hook.sol
DA:27,2
FN:27,CancelRedeemRequest7540Hook.build
FNDA:2,CancelRedeemRequest7540Hook.build
DA:33,2
DA:35,2
BRDA:35,0,0,1
DA:37,1
DA:38,1
DA:46,1
FN:46,CancelRedeemRequest7540Hook.inspect
FNDA:1,CancelRedeemRequest7540Hook.inspect
DA:47,1
DA:53,0
FN:53,CancelRedeemRequest7540Hook._preExecute
FNDA:0,CancelRedeemRequest7540Hook._preExecute
DA:55,0
FN:55,CancelRedeemRequest7540Hook._postExecute
FNDA:0,CancelRedeemRequest7540Hook._postExecute
FNF:4
FNH:2
LF:9
LH:7
BRF:1
BRH:1
end_of_record
TN:
SF:src/core/hooks/vaults/7540/ClaimCancelDepositRequest7540Hook.sol
DA:31,2
FN:31,ClaimCancelDepositRequest7540Hook.build
FNDA:2,ClaimCancelDepositRequest7540Hook.build
DA:37,2
DA:38,2
DA:40,2
BRDA:40,0,0,1
DA:42,1
DA:43,1
DA:55,1
FN:55,ClaimCancelDepositRequest7540Hook.isAsyncCancelHook
FNDA:1,ClaimCancelDepositRequest7540Hook.isAsyncCancelHook
DA:56,1
DA:60,1
FN:60,ClaimCancelDepositRequest7540Hook.inspect
FNDA:1,ClaimCancelDepositRequest7540Hook.inspect
DA:61,1
DA:70,1
FN:70,ClaimCancelDepositRequest7540Hook._preExecute
FNDA:1,ClaimCancelDepositRequest7540Hook._preExecute
DA:71,1
DA:72,1
DA:74,1
DA:77,1
FN:77,ClaimCancelDepositRequest7540Hook._postExecute
FNDA:1,ClaimCancelDepositRequest7540Hook._postExecute
DA:78,1
DA:85,2
FN:85,ClaimCancelDepositRequest7540Hook._getBalance
FNDA:2,ClaimCancelDepositRequest7540Hook._getBalance
DA:86,2
FNF:6
FNH:6
LF:18
LH:18
BRF:1
BRH:1
end_of_record
TN:
SF:src/core/hooks/vaults/7540/ClaimCancelRedeemRequest7540Hook.sol
DA:30,4
FN:30,ClaimCancelRedeemRequest7540Hook.build
FNDA:4,ClaimCancelRedeemRequest7540Hook.build
DA:36,4
DA:37,4
DA:39,4
BRDA:39,0,0,3
DA:41,1
DA:42,1
DA:54,1
FN:54,ClaimCancelRedeemRequest7540Hook.isAsyncCancelHook
FNDA:1,ClaimCancelRedeemRequest7540Hook.isAsyncCancelHook
DA:55,1
DA:59,1
FN:59,ClaimCancelRedeemRequest7540Hook.inspect
FNDA:1,ClaimCancelRedeemRequest7540Hook.inspect
DA:60,1
DA:69,1
FN:69,ClaimCancelRedeemRequest7540Hook._preExecute
FNDA:1,ClaimCancelRedeemRequest7540Hook._preExecute
DA:70,1
DA:73,1
FN:73,ClaimCancelRedeemRequest7540Hook._postExecute
FNDA:1,ClaimCancelRedeemRequest7540Hook._postExecute
DA:74,1
DA:81,2
FN:81,ClaimCancelRedeemRequest7540Hook._getBalance
FNDA:2,ClaimCancelRedeemRequest7540Hook._getBalance
DA:82,2
FNF:6
FNH:6
LF:16
LH:16
BRF:1
BRH:1
end_of_record
TN:
SF:src/core/hooks/vaults/7540/Deposit7540VaultHook.sol
DA:40,9
FN:40,Deposit7540VaultHook.build
FNDA:9,Deposit7540VaultHook.build
DA:46,9
DA:47,9
DA:48,9
DA:50,2
BRDA:50,0,0,2
DA:51,2
DA:54,9
BRDA:54,1,0,1
DA:55,8
BRDA:55,2,0,1
DA:57,7
DA:58,7
DA:70,1
FN:70,Deposit7540VaultHook.decodeAmount
FNDA:1,Deposit7540VaultHook.decodeAmount
DA:71,1
DA:75,1
FN:75,Deposit7540VaultHook.decodeUsePrevHookAmount
FNDA:1,Deposit7540VaultHook.decodeUsePrevHookAmount
DA:76,1
DA:80,1
FN:80,Deposit7540VaultHook.inspect
FNDA:1,Deposit7540VaultHook.inspect
DA:81,1
DA:87,6
FN:87,Deposit7540VaultHook._preExecute
FNDA:6,Deposit7540VaultHook._preExecute
DA:89,6
DA:90,6
DA:91,6
DA:92,6
DA:95,6
FN:95,Deposit7540VaultHook._postExecute
FNDA:6,Deposit7540VaultHook._postExecute
DA:96,6
DA:102,10
FN:102,Deposit7540VaultHook._decodeAmount
FNDA:10,Deposit7540VaultHook._decodeAmount
DA:103,10
DA:106,12
FN:106,Deposit7540VaultHook._getBalance
FNDA:12,Deposit7540VaultHook._getBalance
DA:107,12
FNF:8
FNH:8
LF:27
LH:27
BRF:3
BRH:3
end_of_record
TN:
SF:src/core/hooks/vaults/7540/RequestDeposit7540VaultHook.sol
DA:48,11
FN:48,RequestDeposit7540VaultHook.build
FNDA:11,RequestDeposit7540VaultHook.build
DA:54,11
DA:55,11
DA:56,11
DA:58,9
BRDA:58,0,0,9
DA:59,9
DA:62,11
BRDA:62,1,0,1
DA:63,10
BRDA:63,2,0,1
DA:65,9
DA:66,9
DA:74,1
FN:74,RequestDeposit7540VaultHook.getUsedAssetsOrShares
FNDA:1,RequestDeposit7540VaultHook.getUsedAssetsOrShares
DA:75,1
DA:79,0
FN:79,RequestDeposit7540VaultHook.isAsyncCancelHook
FNDA:0,RequestDeposit7540VaultHook.isAsyncCancelHook
DA:80,0
DA:88,1
FN:88,RequestDeposit7540VaultHook.decodeAmount
FNDA:1,RequestDeposit7540VaultHook.decodeAmount
DA:89,1
DA:93,1
FN:93,RequestDeposit7540VaultHook.decodeUsePrevHookAmount
FNDA:1,RequestDeposit7540VaultHook.decodeUsePrevHookAmount
DA:94,1
DA:98,1
FN:98,RequestDeposit7540VaultHook.inspect
FNDA:1,RequestDeposit7540VaultHook.inspect
DA:99,1
DA:105,9
FN:105,RequestDeposit7540VaultHook._preExecute
FNDA:9,RequestDeposit7540VaultHook._preExecute
DA:106,9
DA:109,8
FN:109,RequestDeposit7540VaultHook._postExecute
FNDA:8,RequestDeposit7540VaultHook._postExecute
DA:110,8
DA:116,12
FN:116,RequestDeposit7540VaultHook._decodeAmount
FNDA:12,RequestDeposit7540VaultHook._decodeAmount
DA:117,12
DA:120,17
FN:120,RequestDeposit7540VaultHook._getBalance
FNDA:17,RequestDeposit7540VaultHook._getBalance
DA:121,17
FNF:10
FNH:9
LF:28
LH:26
BRF:3
BRH:3
end_of_record
TN:
SF:src/core/hooks/vaults/7540/RequestRedeem7540VaultHook.sol
DA:49,4
FN:49,RequestRedeem7540VaultHook.build
FNDA:4,RequestRedeem7540VaultHook.build
DA:55,4
DA:56,4
DA:57,4
DA:59,2
BRDA:59,0,0,2
DA:60,2
DA:63,4
BRDA:63,1,0,1
DA:64,3
BRDA:64,2,0,1
DA:66,2
DA:67,2
DA:75,1
FN:75,RequestRedeem7540VaultHook.getUsedAssetsOrShares
FNDA:1,RequestRedeem7540VaultHook.getUsedAssetsOrShares
DA:76,1
DA:80,0
FN:80,RequestRedeem7540VaultHook.isAsyncCancelHook
FNDA:0,RequestRedeem7540VaultHook.isAsyncCancelHook
DA:81,0
DA:89,1
FN:89,RequestRedeem7540VaultHook.decodeAmount
FNDA:1,RequestRedeem7540VaultHook.decodeAmount
DA:90,1
DA:94,1
FN:94,RequestRedeem7540VaultHook.decodeUsePrevHookAmount
FNDA:1,RequestRedeem7540VaultHook.decodeUsePrevHookAmount
DA:95,1
DA:99,1
FN:99,RequestRedeem7540VaultHook.inspect
FNDA:1,RequestRedeem7540VaultHook.inspect
DA:100,1
DA:107,1
FN:107,RequestRedeem7540VaultHook._preExecute
FNDA:1,RequestRedeem7540VaultHook._preExecute
DA:108,1
DA:111,1
FN:111,RequestRedeem7540VaultHook._postExecute
FNDA:1,RequestRedeem7540VaultHook._postExecute
DA:112,1
DA:119,5
FN:119,RequestRedeem7540VaultHook._decodeAmount
FNDA:5,RequestRedeem7540VaultHook._decodeAmount
DA:120,5
DA:123,2
FN:123,RequestRedeem7540VaultHook._getBalance
FNDA:2,RequestRedeem7540VaultHook._getBalance
DA:124,2
FNF:10
FNH:9
LF:28
LH:26
BRF:3
BRH:3
end_of_record
TN:
SF:src/core/hooks/vaults/7540/Withdraw7540VaultHook.sol
DA:47,7
FN:47,Withdraw7540VaultHook.build
FNDA:7,Withdraw7540VaultHook.build
DA:53,7
DA:54,7
DA:55,7
DA:57,2
BRDA:57,0,0,2
DA:58,2
DA:61,7
BRDA:61,1,0,1
DA:62,6
BRDA:62,2,0,1
DA:64,5
DA:65,5
DA:77,2
FN:77,Withdraw7540VaultHook.decodeAmount
FNDA:2,Withdraw7540VaultHook.decodeAmount
DA:78,2
DA:82,1
FN:82,Withdraw7540VaultHook.decodeUsePrevHookAmount
FNDA:1,Withdraw7540VaultHook.decodeUsePrevHookAmount
DA:83,1
DA:87,1
FN:87,Withdraw7540VaultHook.replaceCalldataAmount
FNDA:1,Withdraw7540VaultHook.replaceCalldataAmount
DA:88,1
DA:92,1
FN:92,Withdraw7540VaultHook.inspect
FNDA:1,Withdraw7540VaultHook.inspect
DA:93,1
DA:99,4
FN:99,Withdraw7540VaultHook._preExecute
FNDA:4,Withdraw7540VaultHook._preExecute
DA:100,4
DA:101,4
DA:102,4
DA:103,4
DA:104,4
DA:107,4
FN:107,Withdraw7540VaultHook._postExecute
FNDA:4,Withdraw7540VaultHook._postExecute
DA:108,4
DA:109,4
DA:115,9
FN:115,Withdraw7540VaultHook._decodeAmount
FNDA:9,Withdraw7540VaultHook._decodeAmount
DA:116,9
DA:119,8
FN:119,Withdraw7540VaultHook._getBalance
FNDA:8,Withdraw7540VaultHook._getBalance
DA:120,8
DA:123,8
FN:123,Withdraw7540VaultHook._getSharesBalance
FNDA:8,Withdraw7540VaultHook._getSharesBalance
DA:124,8
DA:125,8
FNF:10
FNH:10
LF:34
LH:34
BRF:3
BRH:3
end_of_record
TN:
SF:src/core/hooks/vaults/ethena/EthenaCooldownSharesHook.sol
DA:37,5
FN:37,EthenaCooldownSharesHook.build
FNDA:5,EthenaCooldownSharesHook.build
DA:43,5
DA:44,5
DA:45,5
DA:47,1
BRDA:47,0,0,1
DA:48,1
DA:51,5
BRDA:51,1,0,1
DA:52,4
BRDA:52,2,0,2
DA:54,2
DA:55,2
DA:63,1
FN:63,EthenaCooldownSharesHook.getUsedAssetsOrShares
FNDA:1,EthenaCooldownSharesHook.getUsedAssetsOrShares
DA:64,1
DA:68,1
FN:68,EthenaCooldownSharesHook.inspect
FNDA:1,EthenaCooldownSharesHook.inspect
DA:69,1
DA:77,1
FN:77,EthenaCooldownSharesHook.decodeAmount
FNDA:1,EthenaCooldownSharesHook.decodeAmount
DA:78,1
DA:84,2
FN:84,EthenaCooldownSharesHook._preExecute
FNDA:2,EthenaCooldownSharesHook._preExecute
DA:85,2
DA:88,1
FN:88,EthenaCooldownSharesHook._postExecute
FNDA:1,EthenaCooldownSharesHook._postExecute
DA:89,1
DA:95,6
FN:95,EthenaCooldownSharesHook._decodeAmount
FNDA:6,EthenaCooldownSharesHook._decodeAmount
DA:96,6
DA:99,3
FN:99,EthenaCooldownSharesHook._getSharesBalance
FNDA:3,EthenaCooldownSharesHook._getSharesBalance
DA:100,3
FNF:8
FNH:8
LF:24
LH:24
BRF:3
BRH:3
end_of_record
TN:
SF:src/core/hooks/vaults/ethena/EthenaUnstakeHook.sol
DA:35,3
FN:35,EthenaUnstakeHook.build
FNDA:3,EthenaUnstakeHook.build
DA:43,3
DA:44,3
BRDA:44,0,0,1
DA:46,2
DA:48,2
DA:57,2
FN:57,EthenaUnstakeHook.decodeAmount
FNDA:2,EthenaUnstakeHook.decodeAmount
DA:58,2
DA:62,1
FN:62,EthenaUnstakeHook.replaceCalldataAmount
FNDA:1,EthenaUnstakeHook.replaceCalldataAmount
DA:63,1
DA:67,1
FN:67,EthenaUnstakeHook.inspect
FNDA:1,EthenaUnstakeHook.inspect
DA:68,1
DA:74,1
FN:74,EthenaUnstakeHook._preExecute
FNDA:1,EthenaUnstakeHook._preExecute
DA:75,1
DA:76,1
DA:77,1
DA:78,1
DA:79,1
DA:80,1
DA:81,1
DA:84,1
FN:84,EthenaUnstakeHook._postExecute
FNDA:1,EthenaUnstakeHook._postExecute
DA:85,1
DA:86,1
DA:92,2
FN:92,EthenaUnstakeHook._decodeAmount
FNDA:2,EthenaUnstakeHook._decodeAmount
DA:93,2
DA:96,2
FN:96,EthenaUnstakeHook._getBalance
FNDA:2,EthenaUnstakeHook._getBalance
DA:97,2
DA:100,2
FN:100,EthenaUnstakeHook._getSharesBalance
FNDA:2,EthenaUnstakeHook._getSharesBalance
DA:101,2
DA:102,2
FNF:9
FNH:9
LF:29
LH:29
BRF:1
BRH:1
end_of_record
TN:
SF:src/core/libraries/HookDataDecoder.sol
DA:10,157
FN:10,HookDataDecoder.extractYieldSourceOracleId
FNDA:157,HookDataDecoder.extractYieldSourceOracleId
DA:11,157
DA:14,986
FN:14,HookDataDecoder.extractYieldSource
FNDA:986,HookDataDecoder.extractYieldSource
DA:15,986
FNF:2
FNH:2
LF:4
LH:4
BRF:0
BRH:0
end_of_record
TN:
SF:src/core/libraries/HookSubTypes.sol
DA:29,11
FN:29,HookSubTypes.getHookSubType
FNDA:11,HookSubTypes.getHookSubType
DA:30,11
FNF:1
FNH:1
LF:2
LH:2
BRF:0
BRH:0
end_of_record
TN:
SF:src/core/paymaster/SuperNativePaymaster.sol
DA:28,58
FN:28,SuperNativePaymaster.constructor
FNDA:58,SuperNativePaymaster.constructor
DA:29,58
BRDA:29,0,0,-
DA:36,4
FN:36,SuperNativePaymaster.calculateRefund
FNDA:4,SuperNativePaymaster.calculateRefund
DA:42,4
BRDA:42,1,0,-
DA:43,4
DA:44,4
DA:46,4
DA:47,4
BRDA:47,2,0,1
DA:48,1
DA:56,2
FN:56,SuperNativePaymaster.handleOps
FNDA:2,SuperNativePaymaster.handleOps
DA:57,2
DA:58,2
BRDA:58,3,0,2
DA:59,2
DA:60,2
BRDA:60,4,0,-
DA:64,2
DA:65,2
DA:71,1
FN:71,SuperNativePaymaster._validatePaymasterUserOp
FNDA:1,SuperNativePaymaster._validatePaymasterUserOp
DA:77,1
DA:78,1
DA:80,1
BRDA:80,5,0,-
DA:81,0
DA:83,1
DA:93,2
FN:93,SuperNativePaymaster._postOp
FNDA:2,SuperNativePaymaster._postOp
DA:101,2
DA:102,2
DA:104,2
DA:105,2
BRDA:105,6,0,1
DA:106,1
DA:107,1
DA:110,2
DA:116,0
FN:116,SuperNativePaymaster._getEntryPointWithSimulations
FNDA:0,SuperNativePaymaster._getEntryPointWithSimulations
DA:117,0
FNF:6
FNH:5
LF:32
LH:29
BRF:7
BRH:3
end_of_record
TN:
SF:src/core/validators/SuperDestinationValidator.sol
DA:53,1
FN:53,SuperDestinationValidator.validateUserOp
FNDA:1,SuperDestinationValidator.validateUserOp
DA:55,1
DA:59,1
FN:59,SuperDestinationValidator.isValidSignatureWithSender
FNDA:1,SuperDestinationValidator.isValidSignatureWithSender
DA:66,1
DA:69,34
FN:69,SuperDestinationValidator.isValidDestinationSignature
FNDA:34,SuperDestinationValidator.isValidDestinationSignature
DA:70,34
BRDA:70,0,0,-
DA:73,34
DA:74,34
DA:76,34
DA:79,34
DA:80,32
DA:94,34
FN:94,SuperDestinationValidator._createLeaf
FNDA:34,SuperDestinationValidator._createLeaf
DA:95,34
DA:99,34
DA:122,32
[...]
FNDA:0,SwapOkxHook._postExecute
DA:75,0
DA:81,0
FN:81,SwapOkxHook._validateTxData
FNDA:0,SwapOkxHook._validateTxData
DA:85,0
DA:87,0
BRDA:87,1,0,-
BRDA:87,1,1,-
DA:88,0
DA:89,0
BRDA:89,2,0,-
BRDA:89,2,1,-
DA:90,0
DA:91,0
BRDA:91,3,0,-
BRDA:91,3,1,-
DA:92,0
DA:94,0
DA:98,0
FN:98,SwapOkxHook._validateSmartSwap
FNDA:0,SwapOkxHook._validateSmartSwap
DA:99,0
DA:105,0
DA:118,0
BRDA:118,4,0,-
DA:119,0
BRDA:119,5,0,-
DA:120,0
BRDA:120,6,0,-
DA:122,0
DA:123,0
BRDA:123,7,0,-
DA:125,0
DA:126,0
DA:127,0
DA:128,0
DA:129,0
DA:130,0
DA:131,0
DA:132,0
BRDA:132,8,0,-
DA:133,0
DA:134,0
DA:139,0
BRDA:139,9,0,-
DA:142,0
FN:142,SwapOkxHook._validateSwapWrap
FNDA:0,SwapOkxHook._validateSwapWrap
DA:143,0
DA:145,0
BRDA:145,10,0,-
DA:146,0
BRDA:146,11,0,-
DA:147,0
BRDA:147,12,0,-
DA:152,0
FN:152,SwapOkxHook._validateUniswapV3Swap
FNDA:0,SwapOkxHook._validateUniswapV3Swap
DA:153,0
DA:155,0
BRDA:155,13,0,-
DA:158,0
FN:158,SwapOkxHook._getBalance
FNDA:0,SwapOkxHook._getBalance
DA:159,0
DA:160,0
DA:162,0
FNF:9
FNH:0
LF:56
LH:0
BRF:17
BRH:0
end_of_record
TN:
SF:test/mocks/unused-hooks/TransferBatchWithPermit2Hook.sol
DA:39,0
FN:39,TransferBatchWithPermit2Hook.constructor
FNDA:0,TransferBatchWithPermit2Hook.constructor
DA:40,0
BRDA:40,0,0,-
DA:41,0
DA:47,0
FN:47,TransferBatchWithPermit2Hook.build
FNDA:0,TransferBatchWithPermit2Hook.build
DA:53,0
DA:54,0
DA:56,0
DA:57,0
DA:58,0
DA:60,0
DA:61,0
DA:62,0
DA:63,0
DA:64,0
DA:66,0
DA:67,0
DA:69,0
DA:70,0
DA:72,0
DA:73,0
DA:76,0
BRDA:76,1,0,-
DA:77,0
DA:80,0
DA:81,0
DA:91,0
FN:91,TransferBatchWithPermit2Hook._preExecute
FNDA:0,TransferBatchWithPermit2Hook._preExecute
DA:92,0
DA:95,0
FN:95,TransferBatchWithPermit2Hook._postExecute
FNDA:0,TransferBatchWithPermit2Hook._postExecute
DA:96,0
DA:102,0
FN:102,TransferBatchWithPermit2Hook._getBalance
FNDA:0,TransferBatchWithPermit2Hook._getBalance
DA:103,0
DA:104,0
DA:106,0
FNF:5
FNH:0
LF:32
LH:0
BRF:2
BRH:0
end_of_record
TN:
SF:test/mocks/unused-hooks/TransferWithPermit2Hook.sol
DA:32,0
FN:32,TransferWithPermit2Hook.constructor
FNDA:0,TransferWithPermit2Hook.constructor
DA:33,0
BRDA:33,0,0,-
DA:34,0
DA:40,0
FN:40,TransferWithPermit2Hook.build
FNDA:0,TransferWithPermit2Hook.build
DA:46,0
DA:47,0
DA:48,0
DA:49,0
DA:50,0
DA:52,0
BRDA:52,1,0,-
DA:53,0
DA:56,0
BRDA:56,2,0,-
DA:58,0
DA:59,0
DA:69,0
FN:69,TransferWithPermit2Hook._preExecute
FNDA:0,TransferWithPermit2Hook._preExecute
DA:70,0
DA:73,0
FN:73,TransferWithPermit2Hook._postExecute
FNDA:0,TransferWithPermit2Hook._postExecute
DA:74,0
DA:80,0
FN:80,TransferWithPermit2Hook._getBalance
FNDA:0,TransferWithPermit2Hook._getBalance
DA:81,0
DA:82,0
DA:83,0
FNF:5
FNH:0
LF:22
LH:0
BRF:3
BRH:0
end_of_record
TN:
SF:test/mocks/unused-hooks/YearnClaimAllRewardsHook.sol
DA:24,0
FN:24,YearnClaimAllRewardsHook.build
FNDA:0,YearnClaimAllRewardsHook.build
DA:30,0
DA:31,0
BRDA:31,0,0,-
DA:33,0
DA:39,0
FN:39,YearnClaimAllRewardsHook._preExecute
FNDA:0,YearnClaimAllRewardsHook._preExecute
DA:41,0
FN:41,YearnClaimAllRewardsHook._postExecute
FNDA:0,YearnClaimAllRewardsHook._postExecute
FNF:3
FNH:0
LF:6
LH:0
BRF:1
BRH:0
end_of_record
TN:
SF:test/unit/accounting/AbstractYieldSourceOracleTest.t.sol
DA:15,13
FN:15,MockYieldSourceOracle.constructor
FNDA:13,MockYieldSourceOracle.constructor
DA:16,13
DA:19,1
FN:19,MockYieldSourceOracle.decimals
FNDA:1,MockYieldSourceOracle.decimals
DA:20,1
DA:23,1
FN:23,MockYieldSourceOracle.getShareOutput
FNDA:1,MockYieldSourceOracle.getShareOutput
DA:24,1
DA:27,1
FN:27,MockYieldSourceOracle.getAssetOutput
FNDA:1,MockYieldSourceOracle.getAssetOutput
DA:28,1
DA:31,3
FN:31,MockYieldSourceOracle.getPricePerShare
FNDA:3,MockYieldSourceOracle.getPricePerShare
DA:32,3
DA:35,3
FN:35,MockYieldSourceOracle.getTVLByOwnerOfShares
FNDA:3,MockYieldSourceOracle.getTVLByOwnerOfShares
DA:36,3
DA:39,3
FN:39,MockYieldSourceOracle.getTVL
FNDA:3,MockYieldSourceOracle.getTVL
DA:40,3
DA:43,1
FN:43,MockYieldSourceOracle.getBalanceOfOwner
FNDA:1,MockYieldSourceOracle.getBalanceOfOwner
DA:44,1
DA:47,1
FN:47,MockYieldSourceOracle.isValidUnderlyingAsset
FNDA:1,MockYieldSourceOracle.isValidUnderlyingAsset
DA:48,1
DA:51,1
FN:51,MockYieldSourceOracle.isValidUnderlyingAssets
FNDA:1,MockYieldSourceOracle.isValidUnderlyingAssets
DA:57,1
DA:58,1
DA:59,1
DA:60,0
FNF:10
FNH:10
LF:23
LH:22
BRF:0
BRH:0
end_of_record
TN:
SF:test/unit/accounting/LedgerTests.t.sol
DA:19,16
FN:19,MockYieldSourceOracle.getPricePerShare
FNDA:16,MockYieldSourceOracle.getPricePerShare
DA:20,16
DA:23,0
FN:23,MockYieldSourceOracle.setPricePerShare
FNDA:0,MockYieldSourceOracle.setPricePerShare
DA:24,0
DA:27,15
FN:27,MockYieldSourceOracle.decimals
FNDA:15,MockYieldSourceOracle.decimals
DA:28,15
DA:39,2
FN:39,MockBaseLedger._processOutflow
FNDA:2,MockBaseLedger._processOutflow
DA:47,2
FNF:4
FNH:3
LF:8
LH:6
BRF:0
BRH:0
end_of_record
TN:
SF:test/unit/adapters/AdaptersUnitTests.sol
DA:14,14
FN:14,MockDlnDestination.constructor
FNDA:14,MockDlnDestination.constructor
DA:15,14
DA:18,15
FN:18,MockDlnDestination.externalCallAdapter
FNDA:15,MockDlnDestination.externalCallAdapter
DA:19,15
FNF:2
FNH:2
LF:4
LH:4
BRF:0
BRH:0
end_of_record
TN:
SF:test/unit/hooks/bridges/BridgeHooks.t.sol
DA:17,8
FN:17,MockSignatureStorage.retrieveSignatureData
FNDA:8,MockSignatureStorage.retrieveSignatureData
DA:18,8
DA:19,8
DA:20,8
DA:21,8
DA:23,8
DA:24,8
DA:26,8
DA:27,8
FNF:1
FNH:1
LF:9
LH:9
BRF:0
BRH:0
end_of_record
TN:
SF:test/unit/hooks/loan/MorphoLoanHooks.t.sol
DA:21,5
FN:21,MockOracle.price
FNDA:5,MockOracle.price
DA:22,5
DA:27,24
FN:27,MockMorpho.market
FNDA:24,MockMorpho.market
DA:28,24
DA:38,10
FN:38,MockMorpho.position
FNDA:10,MockMorpho.position
DA:39,10
DA:44,12
FN:44,MockIRM.borrowRateView
FNDA:12,MockIRM.borrowRateView
DA:45,12
DA:54,3
FN:54,MockHook.constructor
FNDA:3,MockHook.constructor
DA:55,3
DA:56,3
DA:59,3
FN:59,MockHook.setOutAmount
FNDA:3,MockHook.setOutAmount
DA:60,3
FNF:6
FNH:6
LF:13
LH:13
BRF:0
BRH:0
end_of_record
TN:
SF:test/unit/hooks/swappers/1inch/Swap1InchHook.t.sol
DA:15,13
FN:15,MockUniswapPair.constructor
FNDA:13,MockUniswapPair.constructor
DA:16,13
DA:17,13
DA:24,13
FN:24,MockCurvePair.constructor
FNDA:13,MockCurvePair.constructor
DA:25,13
DA:28,0
FN:28,MockCurvePair.get
FNDA:0,MockCurvePair.get
DA:29,0
DA:32,4
FN:32,MockCurvePair.base_coins
FNDA:4,MockCurvePair.base_coins
DA:33,4
DA:36,1
FN:36,MockCurvePair.coins
FNDA:1,MockCurvePair.coins
DA:37,1
DA:40,1
FN:40,MockCurvePair.coins
FNDA:1,MockCurvePair.coins
DA:41,1
DA:44,1
FN:44,MockCurvePair.underlying_coins
FNDA:1,MockCurvePair.underlying_coins
DA:45,1
DA:48,3
FN:48,MockCurvePair.underlying_coins
FNDA:3,MockCurvePair.underlying_coins
DA:49,3
FNF:8
FNH:7
LF:17
LH:15
BRF:0
BRH:0
end_of_record
TN:
SF:test/unit/hooks/swappers/odos/OdosUnitTests.t.sol
DA:15,0
FN:15,MockOdosRouter.swap
FNDA:0,MockOdosRouter.swap
DA:21,0
DA:24,0
FN:24,MockOdosRouter.swapPermit2
FNDA:0,MockOdosRouter.swapPermit2
DA:30,0
DA:33,0
FN:33,MockOdosRouter.swapCompact
FNDA:0,MockOdosRouter.swapCompact
DA:34,0
FNF:3
FNH:0
LF:6
LH:0
BRF:0
BRH:0
end_of_record
TN:
SF:test/unit/validators/SuperMerkleValidator.t.sol
DA:28,1
FN:28,SignatureTransientTester.constructor
FNDA:1,SignatureTransientTester.constructor
DA:29,1
DA:32,1
FN:32,SignatureTransientTester.validateAndRetrieve
FNDA:1,SignatureTransientTester.validateAndRetrieve
DA:36,1
DA:37,1
FNF:2
FNH:2
LF:5
LH:5
BRF:0
BRH:0
end_of_record
TN:
SF:test/utils/Helpers.sol
DA:30,11
FN:30,Helpers.add7702Precompile
FNDA:11,Helpers.add7702Precompile
DA:32,11
DA:34,11
DA:37,0
FN:37,Helpers.is7702StorageCompliant
FNDA:0,Helpers.is7702StorageCompliant
DA:40,0
DA:42,0
DA:45,0
DA:46,0
DA:47,0
BRDA:47,0,0,-
DA:48,0
DA:56,6
FN:56,Helpers._hashPair
FNDA:6,Helpers._hashPair
DA:57,6
DA:63,90
FN:63,Helpers._bound
FNDA:90,Helpers._bound
DA:64,90
DA:65,90
DA:68,0
FN:68,Helpers._resetCaller
FNDA:0,Helpers._resetCaller
DA:69,0
DA:70,0
DA:73,0
FN:73,Helpers.approveErc20
FNDA:0,Helpers.approveErc20
DA:74,0
DA:75,0
DA:78,397
FN:78,Helpers._getTokens
FNDA:397,Helpers._getTokens
DA:79,397
DA:82,11
FN:82,Helpers._toEthSignedMessageHash
FNDA:11,Helpers._toEthSignedMessageHash
DA:85,0
DA:86,0
DA:87,0
DA:94,161
FN:94,Helpers._deployAccount
FNDA:161,Helpers._deployAccount
DA:95,161
DA:96,161
DA:97,161
DA:98,161
DA:101,0
FN:101,Helpers.envOr
FNDA:0,Helpers.envOr
DA:102,0
DA:105,0
FN:105,Helpers.startStateDiffRecording
FNDA:0,Helpers.startStateDiffRecording
DA:106,0
DA:109,0
FN:109,Helpers.envOr
FNDA:0,Helpers.envOr
DA:110,0
FNF:12
FNH:6
LF:38
LH:16
BRF:1
BRH:0
end_of_record
TN:
SF:test/utils/InternalHelpers.sol
DA:18,91
FN:18,InternalHelpers.executeOp
FNDA:91,InternalHelpers.executeOp
DA:19,91
DA:22,59
FN:22,InternalHelpers._getExecOpsWithValidator
FNDA:59,InternalHelpers._getExecOpsWithValidator
DA:28,59
DA:31,42
FN:31,InternalHelpers._getExecOps
FNDA:42,InternalHelpers._getExecOps
DA:35,42
DA:40,1
FN:40,InternalHelpers._getExecOps
FNDA:1,InternalHelpers._getExecOps
DA:46,1
BRDA:46,0,0,-
DA:47,1
DA:50,1
DA:51,1
DA:52,1
DA:54,1
DA:56,0
DA:63,1
FN:63,InternalHelpers._create1InchGenericRouterSwapHookData
FNDA:1,InternalHelpers._create1InchGenericRouterSwapHookData
DA:71,1
DA:72,1
DA:74,1
DA:77,1
FN:77,InternalHelpers._create1InchUnoswapToHookData
FNDA:1,InternalHelpers._create1InchUnoswapToHookData
DA:87,1
DA:96,1
DA:99,1
FN:99,InternalHelpers._create1InchClipperSwapToHookData
FNDA:1,InternalHelpers._create1InchClipperSwapToHookData
DA:107,1
DA:120,1
DA:123,6
FN:123,InternalHelpers._createOdosSwapHookData
FNDA:6,InternalHelpers._createOdosSwapHookData
DA:135,6
DA:150,1
FN:150,InternalHelpers._createSpectraExchangeSwapHookData
FNDA:1,InternalHelpers._createSpectraExchangeSwapHookData
DA:158,1
DA:159,1
DA:174,1
FN:174,InternalHelpers._createSpectraExchangeSimpleCommandTxData
FNDA:1,InternalHelpers._createSpectraExchangeSimpleCommandTxData
DA:180,1
DA:181,1
DA:182,1
DA:190,1
DA:191,1
DA:192,1
DA:194,1
DA:197,11
FN:197,InternalHelpers._createMockOdosSwapHookData
FNDA:11,InternalHelpers._createMockOdosSwapHookData
DA:209,11
DA:228,158
FN:228,InternalHelpers._createApproveHookData
FNDA:158,InternalHelpers._createApproveHookData
DA:233,158
DA:236,78
FN:236,InternalHelpers._createDeposit4626HookData
FNDA:78,InternalHelpers._createDeposit4626HookData
DA:244,78
DA:247,0
FN:247,InternalHelpers._createApproveAndDeposit4626HookData
FNDA:0,InternalHelpers._createApproveAndDeposit4626HookData
DA:256,0
DA:259,13
FN:259,InternalHelpers._create5115DepositHookData
FNDA:13,InternalHelpers._create5115DepositHookData
DA:269,13
DA:274,27
FN:274,InternalHelpers._createRedeem4626HookData
FNDA:27,InternalHelpers._createRedeem4626HookData
DA:281,27
DA:284,0
FN:284,InternalHelpers._createApproveAndRedeem4626HookData
FNDA:0,InternalHelpers._createApproveAndRedeem4626HookData
DA:292,0
DA:295,3
FN:295,InternalHelpers._create5115RedeemHookData
FNDA:3,InternalHelpers._create5115RedeemHookData
DA:303,3
DA:306,0
FN:306,InternalHelpers._createApproveAndRedeem5115VaultHookData
FNDA:0,InternalHelpers._createApproveAndRedeem5115VaultHookData
DA:316,0
DA:328,8
FN:328,InternalHelpers._createRequestDeposit7540VaultHookData
FNDA:8,InternalHelpers._createRequestDeposit7540VaultHookData
DA:334,8
DA:337,5
FN:337,InternalHelpers._createDeposit7540VaultHookData
FNDA:5,InternalHelpers._createDeposit7540VaultHookData
DA:345,5
DA:348,0
FN:348,InternalHelpers._createRequestRedeem7540VaultHookData
FNDA:0,InternalHelpers._createRequestRedeem7540VaultHookData
DA:354,0
DA:357,3
FN:357,InternalHelpers._createWithdraw7540VaultHookData
FNDA:3,InternalHelpers._createWithdraw7540VaultHookData
DA:363,3
DA:366,0
FN:366,InternalHelpers._createApproveAndWithdraw7540VaultHookData
FNDA:0,InternalHelpers._createApproveAndWithdraw7540VaultHookData
DA:373,0
DA:376,0
FN:376,InternalHelpers._createApproveAndRedeem7540VaultHookData
FNDA:0,InternalHelpers._createApproveAndRedeem7540VaultHookData
DA:383,0
DA:386,1
FN:386,InternalHelpers._createDeposit5115VaultHookData
FNDA:1,InternalHelpers._createDeposit5115VaultHookData
DA:396,1
DA:401,0
FN:401,InternalHelpers._createApproveAndGearboxStakeHookData
FNDA:0,InternalHelpers._createApproveAndGearboxStakeHookData
DA:408,0
DA:411,0
FN:411,InternalHelpers._createGearboxStakeHookData
FNDA:0,InternalHelpers._createGearboxStakeHookData
DA:417,0
DA:420,0
FN:420,InternalHelpers._createGearboxUnstakeHookData
FNDA:0,InternalHelpers._createGearboxUnstakeHookData
DA:426,0
DA:429,1
FN:429,InternalHelpers._createApproveAndDeposit5115VaultHookData
FNDA:1,InternalHelpers._createApproveAndDeposit5115VaultHookData
DA:439,1
DA:444,0
FN:444,InternalHelpers._createApproveAndRequestDeposit7540HookData
FNDA:0,InternalHelpers._createApproveAndRequestDeposit7540HookData
DA:450,0
DA:453,0
FN:453,InternalHelpers._createCancelHookData
FNDA:0,InternalHelpers._createCancelHookData
DA:454,0
DA:457,0
FN:457,InternalHelpers._createClaimCancelHookData
FNDA:0,InternalHelpers._createClaimCancelHookData
DA:458,0
DA:461,0
FN:461,InternalHelpers._createMorphoBorrowHookData
FNDA:0,InternalHelpers._createMorphoBorrowHookData
DA:471,0
DA:472,0
DA:475,0
FN:475,InternalHelpers._createMorphoRepayHookData
FNDA:0,InternalHelpers._createMorphoRepayHookData
DA:485,0
DA:486,0
DA:489,0
FN:489,InternalHelpers._createMorphoRepayAndWithdrawHookData
FNDA:0,InternalHelpers._createMorphoRepayAndWithdrawHookData
DA:499,0
DA:500,0
DA:503,0
FN:503,InternalHelpers._createBatchTransferFromHookData
FNDA:0,InternalHelpers._createBatchTransferFromHookData
DA:510,0
DA:513,1
FN:513,InternalHelpers._createBatchTransferFromHookData
FNDA:1,InternalHelpers._createBatchTransferFromHookData
DA:521,1
DA:524,1
DA:525,3
DA:529,1
DA:530,3
DA:533,1
DA:536,3
FN:536,InternalHelpers._createTransferERC20HookData
FNDA:3,InternalHelpers._createTransferERC20HookData
DA:541,3
FNF:39
FNH:23
LF:103
LH:67
BRF:1
BRH:0
end_of_record
TN:
SF:test/utils/MerkleTreeHelper.sol
DA:15,51
FN:15,MerkleTreeHelper._createHooksTree
FNDA:51,MerkleTreeHelper._createHooksTree
DA:19,51
DA:20,51
DA:21,2346
DA:24,51
DA:26,51
DA:27,51
DA:28,51
DA:34,166
FN:34,MerkleTreeHelper._createSourceValidatorLeaf
FNDA:166,MerkleTreeHelper._createSourceValidatorLeaf
DA:35,166
DA:41,39
FN:41,MerkleTreeHelper._createDestinationValidatorLeaf
FNDA:39,MerkleTreeHelper._createDestinationValidatorLeaf
DA:50,39
DA:62,3252
FN:62,MerkleTreeHelper._sortAndHashPair
FNDA:3252,MerkleTreeHelper._sortAndHashPair
DA:63,3252
DA:66,217
FN:66,MerkleTreeHelper._createValidatorMerkleTree
FNDA:217,MerkleTreeHelper._createValidatorMerkleTree
DA:71,217
BRDA:71,0,0,-
BRDA:71,0,1,-
DA:73,217
DA:74,1135
DA:76,918
DA:79,217
DA:80,217
DA:81,2551
DA:83,217
DA:84,918
DA:88,217
DA:89,556
DA:90,339
DA:91,339
DA:94,217
DA:95,217
DA:97,217
DA:98,217
DA:99,556
DA:100,339
DA:101,339
DA:102,339
DA:103,3252
DA:105,339
DA:108,217
DA:111,217
DA:112,217
DA:113,2551
DA:116,217
DA:122,2551
FN:122,MerkleTreeHelper._generateProof
FNDA:2551,MerkleTreeHelper._generateProof
DA:123,2551
DA:124,2551
DA:126,2551
DA:127,14166
DA:128,14166
DA:129,14166
DA:132,2551
FNF:6
FNH:6
LF:51
LH:51
BRF:2
BRH:0
end_of_record
TN:
SF:test/utils/SignatureHelper.sol
DA:11,65
FN:11,SignatureHelper._createSignature
FNDA:65,SignatureHelper._createSignature
DA:16,65
BRDA:16,0,0,-
DA:18,65
DA:19,65
DA:20,65
DA:21,65
DA:24,65
DA:25,65
FNF:1
FNH:1
LF:8
LH:8
BRF:1
BRH:0
end_of_record
TN:
SF:test/utils/merkle/helper/MerkleReader.sol
DA:46,0
FN:46,MerkleReader._getMerkleRoot
FNDA:0,MerkleReader._getMerkleRoot
DA:47,0
DA:49,0
DA:50,0
DA:51,0
DA:59,0
FN:59,MerkleReader._getMerkleProofForArgs
FNDA:0,MerkleReader._getMerkleProofForArgs
DA:60,0
DA:62,0
DA:65,0
DA:66,0
DA:69,0
DA:71,0
DA:72,0
DA:75,0
BRDA:75,0,0,-
DA:76,0
DA:77,0
DA:78,0
DA:82,0
BRDA:82,1,0,-
DA:91,0
FN:91,MerkleReader._getMerkleProofForHook
FNDA:0,MerkleReader._getMerkleProofForHook
DA:99,0
DA:101,0
DA:104,0
DA:105,0
DA:108,0
DA:110,0
DA:111,0
DA:112,0
DA:115,0
BRDA:115,2,0,-
DA:117,0
DA:118,0
DA:121,0
BRDA:121,3,0,-
DA:122,0
DA:124,0
DA:125,0
DA:130,0
BRDA:130,4,0,-
DA:140,0
FN:140,MerkleReader._getMerkleProofsForHooks
FNDA:0,MerkleReader._getMerkleProofsForHooks
DA:149,0
BRDA:149,5,0,-
DA:150,0
BRDA:150,6,0,-
DA:152,0
DA:153,0
DA:156,0
DA:157,0
DA:160,0
DA:163,0
DA:164,0
DA:165,0
DA:167,0
DA:168,0
DA:169,0
DA:170,0
DA:172,0
DA:173,0
DA:174,0
DA:176,0
DA:180,0
DA:181,0
DA:182,0
DA:184,0
DA:186,0
DA:187,0
DA:190,0
DA:192,0
BRDA:192,7,0,-
DA:194,0
BRDA:194,8,0,-
DA:196,0
DA:197,0
DA:198,0
DA:199,0
DA:205,0
BRDA:205,9,0,-
DA:207,0
DA:208,0
DA:212,0
DA:224,0
FN:224,MerkleReader._generateMerkleTree
FNDA:0,MerkleReader._generateMerkleTree
DA:235,0
DA:237,0
DA:238,0
DA:239,0
DA:241,0
DA:244,0
DA:245,0
DA:248,0
DA:249,0
DA:250,0
DA:251,0
DA:254,0
DA:256,0
DA:258,0
DA:261,0
DA:262,0
DA:263,0
DA:266,0
DA:267,0
DA:270,0
DA:271,0
FNF:5
FNH:0
LF:93
LH:0
BRF:10
BRH:0
end_of_record
TN:
SF:test/utils/parsers/BaseAPIParser.sol
DA:10,27
FN:10,BaseAPIParser.toChecksumString
FNDA:27,BaseAPIParser.toChecksumString
DA:11,27
DA:14,5
FN:14,BaseAPIParser.fromHex
FNDA:5,BaseAPIParser.fromHex
DA:15,5
DA:16,5
BRDA:16,0,0,5
BRDA:16,0,1,-
DA:21,5
DA:22,5
DA:23,2102
DA:25,0
DA:28,4204
FN:28,BaseAPIParser._fromHexChar
FNDA:4204,BaseAPIParser._fromHexChar
DA:29,4204
BRDA:29,1,0,3500
DA:30,3500
DA:32,704
BRDA:32,2,0,685
DA:33,685
DA:35,19
BRDA:35,3,0,19
DA:36,19
DA:38,0
FNF:3
FNH:3
LF:17
LH:15
BRF:5
BRH:4
end_of_record
TN:
SF:test/utils/parsers/OdosAPIParser.sol
DA:49,7
FN:49,OdosAPIParser.buildQuoteV2RequestBody
FNDA:7,OdosAPIParser.buildQuoteV2RequestBody
DA:56,7
DA:57,7
DA:58,7
DA:69,7
DA:71,7
DA:72,7
DA:73,7
DA:84,7
DA:86,7
DA:109,7
FN:109,OdosAPIParser.surlCallQuoteV2
FNDA:7,OdosAPIParser.surlCallQuoteV2
DA:116,7
DA:117,7
DA:119,7
DA:120,7
DA:121,7
BRDA:121,0,0,-
DA:122,0
DA:124,7
DA:127,7
DA:128,7
DA:129,7
DA:130,7
DA:132,7
DA:138,6
FN:138,OdosAPIParser.buildAssembleRequestBody
FNDA:6,OdosAPIParser.buildAssembleRequestBody
DA:139,6
DA:144,6
FN:144,OdosAPIParser.surlCallAssemble
FNDA:6,OdosAPIParser.surlCallAssemble
DA:145,6
DA:146,6
DA:148,6
DA:149,6
DA:150,6
BRDA:150,1,0,-
DA:151,0
DA:153,6
DA:154,6
DA:155,6
DA:156,6
DA:157,6
DA:159,6
DA:165,5
FN:165,OdosAPIParser.decodeOdosSwapCalldata
FNDA:5,OdosAPIParser.decodeOdosSwapCalldata
DA:166,5
BRDA:166,2,0,-
DA:167,0
DA:170,5
DA:171,5
DA:172,5
BRDA:172,3,0,4
BRDA:172,3,1,1
DA:173,4
DA:175,1
BRDA:175,4,0,1
DA:176,1
DA:179,0
DA:185,5
FN:185,OdosAPIParser._decode
FNDA:5,OdosAPIParser._decode
DA:195,0
DA:197,1
DA:206,1
DA:208,0
DA:211,0
DA:213,0
DA:214,0
DA:215,0
DA:216,0
DA:218,0
FN:218,OdosAPIParser.getAddress
FNDA:0,OdosAPIParser.getAddress
DA:219,0
DA:221,0
DA:222,0
DA:223,0
DA:225,0
DA:226,0
DA:227,0
DA:229,0
DA:230,0
DA:231,0
DA:235,0
DA:237,0
DA:238,0
DA:240,0
DA:241,0
DA:244,0
DA:245,0
DA:246,0
BRDA:246,5,0,-
DA:247,0
DA:248,0
DA:252,0
DA:253,0
DA:254,0
DA:255,0
DA:256,0
DA:260,0
DA:261,0
DA:263,0
DA:265,0
DA:267,0
DA:268,0
BRDA:268,6,0,-
DA:269,0
DA:271,0
DA:272,0
BRDA:272,7,0,-
DA:273,0
DA:275,0
DA:276,0
DA:278,0
DA:279,0
DA:280,0
DA:281,0
DA:282,0
DA:283,0
DA:284,0
FNF:7
FNH:6
LF:103
LH:47
BRF:9
BRH:3
end_of_record
TN:
SF:test/utils/parsers/OneInchAPIParser.sol
DA:42,0
FN:42,OneInchAPIParser.buildSwapCallDataRequestUrl
FNDA:0,OneInchAPIParser.buildSwapCallDataRequestUrl
DA:47,0
DA:67,0
FN:67,OneInchAPIParser.surlCallSwapCalldata
FNDA:0,OneInchAPIParser.surlCallSwapCalldata
DA:71,0
DA:73,0
DA:75,0
DA:76,0
BRDA:76,0,0,-
DA:77,0
DA:79,0
DA:81,0
DA:84,0
DA:85,0
DA:86,0
DA:89,0
DA:90,0
DA:91,0
DA:97,0
FN:97,OneInchAPIParser.buildGetRouterUrl
FNDA:0,OneInchAPIParser.buildGetRouterUrl
DA:98,0
DA:101,0
FN:101,OneInchAPIParser.surlCallGetRouter
FNDA:0,OneInchAPIParser.surlCallGetRouter
DA:102,0
DA:104,0
DA:106,0
DA:107,0
BRDA:107,1,0,-
DA:108,0
DA:111,0
DA:113,0
DA:114,0
DA:115,0
DA:116,0
DA:122,0
FN:122,OneInchAPIParser.buildGetApproveCallDataUrl
FNDA:0,OneInchAPIParser.buildGetApproveCallDataUrl
DA:127,0
DA:139,0
FN:139,OneInchAPIParser.surlCallGetApproveCallData
FNDA:0,OneInchAPIParser.surlCallGetApproveCallData
DA:143,0
DA:145,0
DA:147,0
DA:148,0
BRDA:148,2,0,-
DA:149,0
DA:152,0
DA:154,0
DA:155,0
DA:156,0
DA:157,0
DA:163,0
FN:163,OneInchAPIParser._getHeaders
FNDA:0,OneInchAPIParser._getHeaders
DA:164,0
DA:165,0
DA:166,0
FNF:7
FNH:0
LF:46
LH:0
BRF:3
BRH:0
end_of_record
